<?xml version="1.0" encoding="utf-8"?><testsuites name="pytest tests"><testsuite name="pytest" errors="0" failures="0" skipped="0" tests="12" time="5.076" timestamp="2026-03-26T15:30:19.238683+00:00" hostname="agent-env-5e1e7943-4a41-4a29-a8e4-9314cbbb7644"><testcase classname="backend.tests.test_auth.TestHealthCheck" name="test_health_endpoint" time="0.181" /><testcase classname="backend.tests.test_auth.TestOwnerAutoLogin" name="test_owner_auto_login" time="0.156" /><testcase classname="backend.tests.test_auth.TestNonMemberRejection" name="test_non_member_rejected" time="2.128" /><testcase classname="backend.tests.test_auth.TestLifetimeSubPasswordSetup" name="test_lifetime_sub_requires_password_setup" time="0.114" /><testcase classname="backend.tests.test_auth.TestLifetimeSubPasswordSetup" name="test_set_password_for_lifetime_sub" time="0.393" /><testcase classname="backend.tests.test_auth.TestLifetimeSubPasswordSetup" name="test_password_too_short" time="0.117" /><testcase classname="backend.tests.test_auth.TestLoginWithPassword" name="test_login_success" time="0.681" /><testcase classname="backend.tests.test_auth.TestLoginWithPassword" name="test_login_wrong_password" time="0.338" /><testcase classname="backend.tests.test_auth.TestLoginWithPassword" name="test_login_no_password_set" time="0.113" /><testcase classname="backend.tests.test_auth.TestSessionVerification" name="test_verify_valid_session" time="0.290" /><testcase classname="backend.tests.test_auth.TestSessionVerification" name="test_verify_invalid_session" time="0.122" /><testcase classname="backend.tests.test_auth.TestLogout" name="test_logout" time="0.364" /></testsuite></testsuites>