<?xml version="1.0" encoding="utf-8"?><testsuites name="pytest tests"><testsuite name="pytest" errors="0" failures="0" skipped="0" tests="17" time="85.509" timestamp="2026-03-31T02:28:12.430031+00:00" hostname="agent-env-5e1e7943-4a41-4a29-a8e4-9314cbbb7644"><testcase classname="backend.tests.test_basketball_cache.TestMongoDBCacheCollections" name="test_bball_cache_teams_count" time="0.019" /><testcase classname="backend.tests.test_basketball_cache.TestMongoDBCacheCollections" name="test_bball_cache_players_count" time="0.002" /><testcase classname="backend.tests.test_basketball_cache.TestMongoDBCacheCollections" name="test_wnba_players_count" time="0.001" /><testcase classname="backend.tests.test_basketball_cache.TestMongoDBCacheCollections" name="test_nba_players_count" time="0.001" /><testcase classname="backend.tests.test_basketball_cache.TestMongoDBCacheCollections" name="test_nba_teams_count" time="0.001" /><testcase classname="backend.tests.test_basketball_cache.TestMongoDBCacheCollections" name="test_wnba_teams_count" time="0.001" /><testcase classname="backend.tests.test_basketball_cache.TestBasketballTeamSearchCache" name="test_search_suns_returns_phoenix_suns" time="0.257" /><testcase classname="backend.tests.test_basketball_cache.TestBasketballTeamSearchCache" name="test_search_fever_returns_indiana_fever_w" time="0.048" /><testcase classname="backend.tests.test_basketball_cache.TestBasketballTeamSearchCache" name="test_search_lakers_returns_la_lakers" time="0.049" /><testcase classname="backend.tests.test_basketball_cache.TestBasketballTeamSearchCache" name="test_search_sparks_returns_wnba_team" time="0.055" /><testcase classname="backend.tests.test_basketball_cache.TestBasketballPredictionWithCache" name="test_predict_devin_booker_uses_cache" time="27.913" /><testcase classname="backend.tests.test_basketball_cache.TestBasketballPredictionWithCache" name="test_predict_caitlin_clark_wnba" time="26.964" /><testcase classname="backend.tests.test_basketball_cache.TestSoccerPredictionRegression" name="test_soccer_predict_still_works" time="29.939" /><testcase classname="backend.tests.test_basketball_cache.TestCacheMetadata" name="test_bball_cache_meta_exists" time="0.001" /><testcase classname="backend.tests.test_basketball_cache.TestSpecificTeamLookup" name="test_phoenix_suns_team_id" time="0.001" /><testcase classname="backend.tests.test_basketball_cache.TestSpecificTeamLookup" name="test_indiana_fever_team_id" time="0.001" /><testcase classname="backend.tests.test_basketball_cache.TestSpecificTeamLookup" name="test_los_angeles_lakers_team_id" time="0.002" /></testsuite></testsuites>