<?xml version="1.0" encoding="utf-8"?><testsuites name="pytest tests"><testsuite name="pytest" errors="0" failures="0" skipped="0" tests="16" time="67.000" timestamp="2026-04-01T17:36:44.116993+00:00" hostname="agent-env-fd1b7294-f4b9-4e7b-8c06-b844463a97cd"><testcase classname="tests.test_iteration_38_basketball_fga_fix.TestParsePlayerStatFGACombined" name="test_fga_combines_2pt_and_3pt_attempts" time="0.120" /><testcase classname="tests.test_iteration_38_basketball_fga_fix.TestParsePlayerStatFGACombined" name="test_fga_handles_missing_threepoint_data" time="0.000" /><testcase classname="tests.test_iteration_38_basketball_fga_fix.TestParsePlayerStatFGACombined" name="test_fga_handles_empty_dicts" time="0.000" /><testcase classname="tests.test_iteration_38_basketball_fga_fix.TestParsePlayerStatFGACombined" name="test_fga_realistic_nba_game" time="0.000" /><testcase classname="tests.test_iteration_38_basketball_fga_fix.TestDNPFilter" name="test_dnp_filter_code_exists" time="0.000" /><testcase classname="tests.test_iteration_38_basketball_fga_fix.TestDNPFilter" name="test_dnp_filter_at_correct_location" time="0.001" /><testcase classname="tests.test_iteration_38_basketball_fga_fix.TestRecommendationEnforcement" name="test_recommendation_enforcement_code_exists" time="0.000" /><testcase classname="tests.test_iteration_38_basketball_fga_fix.TestRecommendationEnforcement" name="test_recommendation_enforcement_in_valid_preds_loop" time="0.000" /><testcase classname="tests.test_iteration_38_basketball_fga_fix.TestLiveFGAAverages" name="test_kelly_oubre_fga_average" time="18.392" /><testcase classname="tests.test_iteration_38_basketball_fga_fix.TestLiveFGAAverages" name="test_paul_george_fga_average" time="27.549" /><testcase classname="tests.test_iteration_38_basketball_fga_fix.TestLiveFGAAverages" name="test_fgm_also_combined" time="20.485" /><testcase classname="tests.test_iteration_38_basketball_fga_fix.TestDirectPlayerStats" name="test_get_player_season_stats_kelly_oubre" time="0.373" /><testcase classname="tests.test_iteration_38_basketball_fga_fix.TestCodeVerification" name="test_parse_player_stat_fga_formula" time="0.000" /><testcase classname="tests.test_iteration_38_basketball_fga_fix.TestCodeVerification" name="test_parse_player_stat_lines_228_244" time="0.000" /><testcase classname="tests.test_iteration_38_basketball_fga_fix.TestCodeVerification" name="test_dnp_filter_lines_500_510" time="0.000" /><testcase classname="tests.test_iteration_38_basketball_fga_fix.TestCodeVerification" name="test_recommendation_enforcement_lines_866_873" time="0.000" /></testsuite></testsuites>