<?xml version="1.0" encoding="utf-8"?><testsuites name="pytest tests"><testsuite name="pytest" errors="0" failures="0" skipped="0" tests="22" time="185.084" timestamp="2026-03-31T04:51:05.221274+00:00" hostname="agent-env-5e1e7943-4a41-4a29-a8e4-9314cbbb7644"><testcase classname="backend.tests.test_basketball_advanced_analytics.TestHealthEndpoint" name="test_health_returns_ok" time="0.167" /><testcase classname="backend.tests.test_basketball_advanced_analytics.TestBasketballTeamSearch" name="test_search_teams_lakers" time="0.119" /><testcase classname="backend.tests.test_basketball_advanced_analytics.TestBasketballTeamSearch" name="test_search_teams_warriors" time="0.111" /><testcase classname="backend.tests.test_basketball_advanced_analytics.TestBasketballTeamSearch" name="test_search_teams_empty_query_fails" time="0.113" /><testcase classname="backend.tests.test_basketball_advanced_analytics.TestBasketballPredictionEndpoint" name="test_prediction_returns_valid_json" time="24.089" /><testcase classname="backend.tests.test_basketball_advanced_analytics.TestAdvancedAnalyticsFields" name="test_player_game_logs_exists" time="23.830" /><testcase classname="backend.tests.test_basketball_advanced_analytics.TestAdvancedAnalyticsFields" name="test_over_rate_field" time="0.000" /><testcase classname="backend.tests.test_basketball_advanced_analytics.TestAdvancedAnalyticsFields" name="test_per_min_rate_field" time="0.000" /><testcase classname="backend.tests.test_basketball_advanced_analytics.TestAdvancedAnalyticsFields" name="test_rate_projection_field" time="0.000" /><testcase classname="backend.tests.test_basketball_advanced_analytics.TestAdvancedAnalyticsFields" name="test_role_field" time="0.000" /><testcase classname="backend.tests.test_basketball_advanced_analytics.TestAdvancedAnalyticsFields" name="test_edge_signal_field" time="0.000" /><testcase classname="backend.tests.test_basketball_advanced_analytics.TestAdvancedAnalyticsFields" name="test_statistical_lean_field" time="0.000" /><testcase classname="backend.tests.test_basketball_advanced_analytics.TestAdvancedAnalyticsFields" name="test_consistency_field" time="0.000" /><testcase classname="backend.tests.test_basketball_advanced_analytics.TestAdvancedAnalyticsFields" name="test_streak_field" time="0.000" /><testcase classname="backend.tests.test_basketball_advanced_analytics.TestAdvancedAnalyticsFields" name="test_avg_minutes_field" time="0.000" /><testcase classname="backend.tests.test_basketball_advanced_analytics.TestProjectionConstraints" name="test_projection_within_30_percent_of_rate" time="19.642" /><testcase classname="backend.tests.test_basketball_advanced_analytics.TestConfidenceCapping" name="test_coin_flip_confidence_capped" time="18.440" /><testcase classname="backend.tests.test_basketball_advanced_analytics.TestRecentSamples" name="test_recent_samples_populated" time="18.620" /><testcase classname="backend.tests.test_basketball_advanced_analytics.TestRecentSamples" name="test_recent_samples_fields_valid" time="21.685" /><testcase classname="backend.tests.test_basketball_advanced_analytics.TestResponseTime" name="test_response_within_55_seconds" time="18.020" /><testcase classname="backend.tests.test_basketball_advanced_analytics.TestMultiplePropTypes" name="test_pts_reb_ast_prop" time="20.553" /><testcase classname="backend.tests.test_basketball_advanced_analytics.TestMultiplePropTypes" name="test_rebounds_prop" time="19.600" /></testsuite></testsuites>