<?xml version="1.0" encoding="utf-8"?><testsuites name="pytest tests"><testsuite name="pytest" errors="0" failures="0" skipped="0" tests="9" time="113.239" timestamp="2026-03-31T02:11:11.398391+00:00" hostname="agent-env-5e1e7943-4a41-4a29-a8e4-9314cbbb7644"><testcase classname="backend.tests.test_basketball_fixes.TestBasketballTeamSearch" name="test_search_suns_returns_phoenix_suns_not_youth_teams" time="0.526" /><testcase classname="backend.tests.test_basketball_fixes.TestBasketballTeamSearch" name="test_search_grizzlies_returns_memphis_grizzlies" time="0.296" /><testcase classname="backend.tests.test_basketball_fixes.TestBasketballTeamSearch" name="test_search_returns_team_ids" time="0.483" /><testcase classname="backend.tests.test_basketball_fixes.TestBasketballPrediction" name="test_jalen_green_points_prediction" time="29.819" /><testcase classname="backend.tests.test_basketball_fixes.TestBasketballPrediction" name="test_devin_booker_prediction" time="26.403" /><testcase classname="backend.tests.test_basketball_fixes.TestBasketballPrediction" name="test_rebounds_prop_type" time="21.128" /><testcase classname="backend.tests.test_basketball_fixes.TestSoccerRegression" name="test_soccer_predict_still_works" time="34.213" /><testcase classname="backend.tests.test_basketball_fixes.TestFrontendPropTypes" name="test_basketball_prop_types_no_steals_blocks_turnovers" time="0.001" /><testcase classname="backend.tests.test_basketball_fixes.TestHealthCheck" name="test_api_health" time="0.186" /></testsuite></testsuites>