<?xml version="1.0" encoding="utf-8"?><testsuites name="pytest tests"><testsuite name="pytest" errors="0" failures="0" skipped="0" tests="10" time="56.715" timestamp="2026-03-31T01:48:40.941989+00:00" hostname="agent-env-5e1e7943-4a41-4a29-a8e4-9314cbbb7644"><testcase classname="backend.tests.test_basketball_integration.TestBasketballIntegration" name="test_health_check" time="0.214" /><testcase classname="backend.tests.test_basketball_integration.TestBasketballIntegration" name="test_basketball_search_teams_lakers" time="0.356" /><testcase classname="backend.tests.test_basketball_integration.TestBasketballIntegration" name="test_basketball_search_teams_celtics" time="0.316" /><testcase classname="backend.tests.test_basketball_integration.TestBasketballIntegration" name="test_basketball_search_teams_empty_query" time="0.120" /><testcase classname="backend.tests.test_basketball_integration.TestBasketballIntegration" name="test_basketball_predict_endpoint" time="23.844" /><testcase classname="backend.tests.test_basketball_integration.TestBasketballIntegration" name="test_scan_prop_accepts_basketball_sport" time="2.043" /><testcase classname="backend.tests.test_basketball_integration.TestSoccerRegression" name="test_soccer_predict_endpoint" time="29.566" /><testcase classname="backend.tests.test_basketball_integration.TestNoBaseballReferences" name="test_no_baseball_in_routes" time="0.005" /><testcase classname="backend.tests.test_basketball_integration.TestNoBaseballReferences" name="test_no_baseball_in_server" time="0.003" /><testcase classname="backend.tests.test_basketball_integration.TestOwnerAuth" name="test_owner_verify_whop" time="0.173" /></testsuite></testsuites>