<?xml version="1.0" encoding="utf-8"?><testsuites name="pytest tests"><testsuite name="pytest" errors="0" failures="0" skipped="0" tests="13" time="43.241" timestamp="2026-03-27T15:47:20.476932+00:00" hostname="agent-env-5e1e7943-4a41-4a29-a8e4-9314cbbb7644"><testcase classname="backend.tests.test_bug_fixes_v2.TestBugFix1_NaturalSearchLeagueDetection" name="test_mls_player_search_returns_mls_team" time="0.614" /><testcase classname="backend.tests.test_bug_fixes_v2.TestBugFix1_NaturalSearchLeagueDetection" name="test_mls_player_search_without_league_id" time="0.555" /><testcase classname="backend.tests.test_bug_fixes_v2.TestBugFix2_MultiSeasonTeamStats" name="test_predict_endpoint_does_not_500" time="38.857" /><testcase classname="backend.tests.test_bug_fixes_v2.TestBugFix3_TransferredPlayerCurrentTeam" name="test_transferred_player_shows_current_team" time="0.723" /><testcase classname="backend.tests.test_bug_fixes_v2.TestBugFix3_TransferredPlayerCurrentTeam" name="test_player_stats_endpoint_returns_current_team" time="0.595" /><testcase classname="backend.tests.test_bug_fixes_v2.TestBugFix4_SettlePicksPushHandling" name="test_settle_picks_push_result" time="0.487" /><testcase classname="backend.tests.test_bug_fixes_v2.TestBugFix4_SettlePicksPushHandling" name="test_settle_picks_endpoint_returns_200" time="0.107" /><testcase classname="backend.tests.test_bug_fixes_v2.TestOwnerAutoLogin" name="test_owner_auto_login_bypasses_password" time="0.116" /><testcase classname="backend.tests.test_bug_fixes_v2.TestPickOfTheDay" name="test_potd_endpoint_returns_data" time="0.122" /><testcase classname="backend.tests.test_bug_fixes_v2.TestLeagueSelection" name="test_leagues_endpoint_returns_all_leagues" time="0.109" /><testcase classname="backend.tests.test_bug_fixes_v2.TestPlayerSearchNationality" name="test_player_search_includes_nationality" time="0.392" /><testcase classname="backend.tests.test_bug_fixes_v2.TestHealthAndBasics" name="test_health_endpoint" time="0.117" /><testcase classname="backend.tests.test_bug_fixes_v2.TestHealthAndBasics" name="test_football_status" time="0.304" /></testsuite></testsuites>