<?xml version="1.0" encoding="utf-8"?><testsuites name="pytest tests"><testsuite name="pytest" errors="0" failures="0" skipped="0" tests="14" time="16.437" timestamp="2026-03-26T16:21:56.314343+00:00" hostname="agent-env-5e1e7943-4a41-4a29-a8e4-9314cbbb7644"><testcase classname="backend.tests.test_bug_fixes.TestPlayerSearch" name="test_donnarumma_search_returns_single_result" time="0.635" /><testcase classname="backend.tests.test_bug_fixes.TestPlayerSearch" name="test_donnarumma_has_team_info" time="0.526" /><testcase classname="backend.tests.test_bug_fixes.TestPlayerSearch" name="test_donnarumma_full_name" time="0.575" /><testcase classname="backend.tests.test_bug_fixes.TestPlayerSearch" name="test_donnarumma_has_photo_and_nationality" time="0.716" /><testcase classname="backend.tests.test_bug_fixes.TestPlayerSearch" name="test_messi_search_returns_lionel_first" time="0.440" /><testcase classname="backend.tests.test_bug_fixes.TestPlayerSearch" name="test_salah_search_in_epl" time="0.291" /><testcase classname="backend.tests.test_bug_fixes.TestInternationalTeams" name="test_wcq_uefa_returns_teams" time="0.285" /><testcase classname="backend.tests.test_bug_fixes.TestInternationalTeams" name="test_wcq_conmebol_returns_teams" time="0.289" /><testcase classname="backend.tests.test_bug_fixes.TestInternationalTeams" name="test_euro_qualifiers_returns_teams" time="0.612" /><testcase classname="backend.tests.test_bug_fixes.TestNaturalSearch" name="test_natural_search_parses_donnarumma" time="4.157" /><testcase classname="backend.tests.test_bug_fixes.TestNaturalSearch" name="test_natural_search_finds_player_after_parse" time="7.439" /><testcase classname="backend.tests.test_bug_fixes.TestAuthAndPOTD" name="test_owner_auto_login" time="0.127" /><testcase classname="backend.tests.test_bug_fixes.TestAuthAndPOTD" name="test_potd_available" time="0.129" /><testcase classname="backend.tests.test_bug_fixes.TestAuthAndPOTD" name="test_health_endpoint" time="0.121" /></testsuite></testsuites>