<?xml version="1.0" encoding="utf-8"?><testsuites name="pytest tests"><testsuite name="pytest" errors="0" failures="0" skipped="0" tests="23" time="0.314" timestamp="2026-03-31T17:09:28.938993+00:00" hostname="agent-env-5e1e7943-4a41-4a29-a8e4-9314cbbb7644"><testcase classname="backend.tests.test_bug_fixes_iteration33.TestHealthEndpoint" name="test_health_returns_200" time="0.216" /><testcase classname="backend.tests.test_bug_fixes_iteration33.TestBasketballPropTypeNormalization" name="test_valid_basketball_props_in_scan_py" time="0.000" /><testcase classname="backend.tests.test_bug_fixes_iteration33.TestBasketballPropAliasMapping" name="test_rebs_asts_maps_to_reb_ast" time="0.000" /><testcase classname="backend.tests.test_bug_fixes_iteration33.TestBasketballPropAliasMapping" name="test_blks_stls_maps_to_blk_stl" time="0.000" /><testcase classname="backend.tests.test_bug_fixes_iteration33.TestBasketballPropAliasMapping" name="test_pts_reb_maps_correctly" time="0.000" /><testcase classname="backend.tests.test_bug_fixes_iteration33.TestBasketballPropAliasMapping" name="test_pts_ast_maps_correctly" time="0.000" /><testcase classname="backend.tests.test_bug_fixes_iteration33.TestBasketballStatExtraction" name="test_get_stat_value_reb_ast" time="0.000" /><testcase classname="backend.tests.test_bug_fixes_iteration33.TestBasketballStatExtraction" name="test_get_stat_value_pts_reb" time="0.000" /><testcase classname="backend.tests.test_bug_fixes_iteration33.TestBasketballStatExtraction" name="test_get_stat_value_blk_stl" time="0.000" /><testcase classname="backend.tests.test_bug_fixes_iteration33.TestBasketballOpponentLeagueFilter" name="test_opponent_resolution_uses_league_id" time="0.000" /><testcase classname="backend.tests.test_bug_fixes_iteration33.TestBasketballOpponentLeagueFilter" name="test_cross_league_rejection_logic" time="0.000" /><testcase classname="backend.tests.test_bug_fixes_iteration33.TestBasketballOpponentLeagueFilter" name="test_basketball_cache_league_id_filter" time="0.000" /><testcase classname="backend.tests.test_bug_fixes_iteration33.TestPredictionOpponentForceSet" name="test_soccer_prediction_opponent_force_set" time="0.001" /><testcase classname="backend.tests.test_bug_fixes_iteration33.TestPredictionOpponentForceSet" name="test_basketball_prediction_opponent_force_set" time="0.000" /><testcase classname="backend.tests.test_bug_fixes_iteration33.TestPredictionOpponentForceSet" name="test_soccer_prediction_player_force_set" time="0.000" /><testcase classname="backend.tests.test_bug_fixes_iteration33.TestNoAIModelNamesInUserFacingText" name="test_no_grok_in_data_quality_messages" time="0.000" /><testcase classname="backend.tests.test_bug_fixes_iteration33.TestNoAIModelNamesInUserFacingText" name="test_cross_referenced_sources_message" time="0.000" /><testcase classname="backend.tests.test_bug_fixes_iteration33.TestNoAIModelNamesInUserFacingText" name="test_no_ai_model_names_in_basketball_data_quality" time="0.000" /><testcase classname="backend.tests.test_bug_fixes_iteration33.TestFrontendOpponentFallback" name="test_frontend_uses_resolved_opponent_teamid" time="0.001" /><testcase classname="backend.tests.test_bug_fixes_iteration33.TestBballStatFieldMap" name="test_bball_stat_field_map_includes_compound_props" time="0.000" /><testcase classname="backend.tests.test_bug_fixes_iteration33.TestBballPropLabels" name="test_bball_prop_labels_includes_all_props" time="0.000" /><testcase classname="backend.tests.test_bug_fixes_iteration33.TestPicksPyStatExtraction" name="test_picks_py_reb_ast_extraction" time="0.000" /><testcase classname="backend.tests.test_bug_fixes_iteration33.TestPicksPyStatExtraction" name="test_picks_py_bball_props_set" time="0.000" /></testsuite></testsuites>