<?xml version="1.0" encoding="utf-8"?><testsuites name="pytest tests"><testsuite name="pytest" errors="0" failures="0" skipped="0" tests="14" time="7.904" timestamp="2026-03-30T14:16:12.896556+00:00" hostname="agent-env-5e1e7943-4a41-4a29-a8e4-9314cbbb7644"><testcase classname="backend.tests.test_cache_first_resolution.TestHealthEndpoint" name="test_health_returns_ok" time="0.282" /><testcase classname="backend.tests.test_cache_first_resolution.TestCacheStatus" name="test_cache_status_returns_counts" time="0.150" /><testcase classname="backend.tests.test_cache_first_resolution.TestPlayerLookup" name="test_hojbjerg_accent_stripped_matching" time="0.151" /><testcase classname="backend.tests.test_cache_first_resolution.TestPlayerLookup" name="test_salah_with_team_filter" time="0.128" /><testcase classname="backend.tests.test_cache_first_resolution.TestPlayerLookup" name="test_saka_word_boundary_matching" time="0.114" /><testcase classname="backend.tests.test_cache_first_resolution.TestPlayerLookup" name="test_odegaard_accent_stripped_with_team" time="0.149" /><testcase classname="backend.tests.test_cache_first_resolution.TestPlayerLookup" name="test_mbappe_accent_stripped_with_team" time="0.109" /><testcase classname="backend.tests.test_cache_first_resolution.TestTeamLookup" name="test_arsenal_club_lookup" time="0.113" /><testcase classname="backend.tests.test_cache_first_resolution.TestTeamLookup" name="test_czechia_national_lookup" time="0.130" /><testcase classname="backend.tests.test_cache_first_resolution.TestTeamLookup" name="test_denmark_national_lookup" time="0.112" /><testcase classname="backend.tests.test_cache_first_resolution.TestNationalTeams" name="test_national_teams_list" time="0.130" /><testcase classname="backend.tests.test_cache_first_resolution.TestPlayersEndpoint" name="test_arsenal_squad_contains_saka" time="0.114" /><testcase classname="backend.tests.test_cache_first_resolution.TestScanPropEndpoint" name="test_scan_prop_exists_returns_422_on_empty" time="0.108" /><testcase classname="backend.tests.test_cache_first_resolution.TestScanPropEndpoint" name="test_scan_prop_returns_422_on_invalid_base64" time="6.003" /></testsuite></testsuites>