<?xml version="1.0" encoding="utf-8"?><testsuites name="pytest tests"><testsuite name="pytest" errors="0" failures="0" skipped="0" tests="11" time="11.753" timestamp="2026-03-30T14:35:18.964402+00:00" hostname="agent-env-5e1e7943-4a41-4a29-a8e4-9314cbbb7644"><testcase classname="backend.tests.test_combo_prop_feature.TestHealthAndCacheStatus" name="test_health_endpoint" time="0.134" /><testcase classname="backend.tests.test_combo_prop_feature.TestHealthAndCacheStatus" name="test_cache_status_returns_valid_counts" time="0.127" /><testcase classname="backend.tests.test_combo_prop_feature.TestPlayerLookups" name="test_lookup_saka_finds_bukayo_not_wan_bissaka" time="0.190" /><testcase classname="backend.tests.test_combo_prop_feature.TestPlayerLookups" name="test_lookup_hojbjerg_finds_with_accent" time="0.173" /><testcase classname="backend.tests.test_combo_prop_feature.TestPlayerLookups" name="test_lookup_salah_with_team_filter" time="0.154" /><testcase classname="backend.tests.test_combo_prop_feature.TestTeamLookups" name="test_lookup_denmark_returns_national_team" time="0.122" /><testcase classname="backend.tests.test_combo_prop_feature.TestScanPropEndpoint" name="test_scan_prop_returns_422_on_empty_body" time="0.126" /><testcase classname="backend.tests.test_combo_prop_feature.TestScanPropEndpoint" name="test_scan_prop_returns_422_on_invalid_base64" time="5.304" /><testcase classname="backend.tests.test_combo_prop_feature.TestScanPropEndpoint" name="test_scan_prop_response_schema_includes_iscombo_field" time="4.993" /><testcase classname="backend.tests.test_combo_prop_feature.TestCacheEndpointsExist" name="test_cache_national_teams_endpoint" time="0.117" /><testcase classname="backend.tests.test_combo_prop_feature.TestCacheEndpointsExist" name="test_cache_players_by_team" time="0.228" /></testsuite></testsuites>