<?xml version="1.0" encoding="utf-8"?><testsuites name="pytest tests"><testsuite name="pytest" errors="0" failures="0" skipped="0" tests="18" time="50.483" timestamp="2026-03-31T05:14:25.881044+00:00" hostname="agent-env-5e1e7943-4a41-4a29-a8e4-9314cbbb7644"><testcase classname="backend.tests.test_h2h_and_league_fixes.TestHealthEndpoint" name="test_health_returns_ok" time="0.226" /><testcase classname="backend.tests.test_h2h_and_league_fixes.TestH2HDataInPredictions" name="test_prediction_returns_200" time="24.512" /><testcase classname="backend.tests.test_h2h_and_league_fixes.TestH2HDataInPredictions" name="test_response_completes_within_55_seconds" time="0.000" /><testcase classname="backend.tests.test_h2h_and_league_fixes.TestH2HDataInPredictions" name="test_h2h_games_array_exists" time="0.000" /><testcase classname="backend.tests.test_h2h_and_league_fixes.TestH2HDataInPredictions" name="test_h2h_games_has_entries" time="0.000" /><testcase classname="backend.tests.test_h2h_and_league_fixes.TestH2HDataInPredictions" name="test_h2h_games_have_required_fields" time="0.000" /><testcase classname="backend.tests.test_h2h_and_league_fixes.TestH2HDataInPredictions" name="test_h2h_games_sorted_by_date_descending" time="0.000" /><testcase classname="backend.tests.test_h2h_and_league_fixes.TestH2HDataInPredictions" name="test_h2h_result_is_valid" time="0.000" /><testcase classname="backend.tests.test_h2h_and_league_fixes.TestPlayerGameLogsAnalytics" name="test_player_game_logs_exists" time="25.239" /><testcase classname="backend.tests.test_h2h_and_league_fixes.TestPlayerGameLogsAnalytics" name="test_over_rate_field" time="0.000" /><testcase classname="backend.tests.test_h2h_and_league_fixes.TestPlayerGameLogsAnalytics" name="test_per_min_rate_field" time="0.000" /><testcase classname="backend.tests.test_h2h_and_league_fixes.TestPlayerGameLogsAnalytics" name="test_rate_projection_field" time="0.000" /><testcase classname="backend.tests.test_h2h_and_league_fixes.TestPlayerGameLogsAnalytics" name="test_role_field" time="0.000" /><testcase classname="backend.tests.test_h2h_and_league_fixes.TestPlayerGameLogsAnalytics" name="test_edge_signal_field" time="0.001" /><testcase classname="backend.tests.test_h2h_and_league_fixes.TestPlayerGameLogsAnalytics" name="test_statistical_lean_field" time="0.000" /><testcase classname="backend.tests.test_h2h_and_league_fixes.TestBasketballSearchTeams" name="test_search_cavaliers" time="0.205" /><testcase classname="backend.tests.test_h2h_and_league_fixes.TestBasketballSearchTeams" name="test_search_lakers" time="0.109" /><testcase classname="backend.tests.test_h2h_and_league_fixes.TestBasketballSearchTeams" name="test_search_empty_query_returns_400" time="0.101" /></testsuite></testsuites>