<?xml version="1.0" encoding="utf-8"?><testsuites name="pytest tests"><testsuite name="pytest" errors="0" failures="0" skipped="0" tests="12" time="15.511" timestamp="2026-03-30T10:51:23.170248+00:00" hostname="agent-env-5e1e7943-4a41-4a29-a8e4-9314cbbb7644"><testcase classname="backend.tests.test_hojbjerg_fix.TestHealthAndBasicEndpoints" name="test_health_endpoint" time="0.310" /><testcase classname="backend.tests.test_hojbjerg_fix.TestHealthAndBasicEndpoints" name="test_leagues_endpoint" time="0.143" /><testcase classname="backend.tests.test_hojbjerg_fix.TestStripAccentsFunction" name="test_nordic_character_mapping" time="0.000" /><testcase classname="backend.tests.test_hojbjerg_fix.TestInternationalLeaguesSet" name="test_international_leagues_contains_required_ids" time="0.101" /><testcase classname="backend.tests.test_hojbjerg_fix.TestNationToLeaguesMapping" name="test_czechia_alias_exists" time="0.145" /><testcase classname="backend.tests.test_hojbjerg_fix.TestNationToLeaguesMapping" name="test_denmark_includes_ligue1" time="0.149" /><testcase classname="backend.tests.test_hojbjerg_fix.TestTeamLeagueMap" name="test_czechia_in_team_league_map" time="0.108" /><testcase classname="backend.tests.test_hojbjerg_fix.TestSearchPlayerEndpoint" name="test_search_player_hojbjerg" time="2.849" /><testcase classname="backend.tests.test_hojbjerg_fix.TestSearchPlayerEndpoint" name="test_search_player_short_query" time="0.108" /><testcase classname="backend.tests.test_hojbjerg_fix.TestScanPropEndpoint" name="test_scan_prop_endpoint_exists" time="5.723" /><testcase classname="backend.tests.test_hojbjerg_fix.TestScanPropEndpoint" name="test_scan_prop_with_invalid_base64" time="5.645" /><testcase classname="backend.tests.test_hojbjerg_fix.TestOwnerBypassAuth" name="test_owner_email_bypass" time="0.141" /></testsuite></testsuites>