<?xml version="1.0" encoding="utf-8"?><testsuites name="pytest tests"><testsuite name="pytest" errors="0" failures="0" skipped="0" tests="43" time="0.810" timestamp="2026-04-06T18:40:15.715252+00:00" hostname="agent-env-fd1b7294-f4b9-4e7b-8c06-b844463a97cd"><testcase classname="tests.test_iteration_64.TestHealthEndpoint" name="test_health_returns_ok" time="0.183" /><testcase classname="tests.test_iteration_64.TestBasketballStatParser" name="test_parse_player_stat_includes_steals" time="0.114" /><testcase classname="tests.test_iteration_64.TestBasketballStatParser" name="test_parse_player_stat_handles_none" time="0.000" /><testcase classname="tests.test_iteration_64.TestBballStatMap" name="test_bball_stat_map_has_steals_blocks_turnovers" time="0.195" /><testcase classname="tests.test_iteration_64.TestBballStatMap" name="test_get_bball_stat_value_steals" time="0.000" /><testcase classname="tests.test_iteration_64.TestBballStatMap" name="test_get_bball_stat_value_blk_stl_combo" time="0.000" /><testcase classname="tests.test_iteration_64.TestPostFusionPossessionScaling" name="test_poss_sensitive_props_defined" time="0.000" /><testcase classname="tests.test_iteration_64.TestPostFusionPossessionScaling" name="test_possession_scaling_multiplier_logic" time="0.000" /><testcase classname="tests.test_iteration_64.TestSlipCorrelationWarnings" name="test_correlation_warning_types" time="0.001" /><testcase classname="tests.test_iteration_64.TestBayesianEngineIntegration" name="test_bayesian_engine_import" time="0.000" /><testcase classname="tests.test_iteration_64.TestBayesianEngineIntegration" name="test_bayesian_projection_basic" time="0.000" /><testcase classname="tests.test_iteration_64.TestFusionLogic" name="test_fusion_weights_agreement" time="0.000" /><testcase classname="tests.test_iteration_64.TestFusionLogic" name="test_fusion_weights_strong_disagreement" time="0.000" /><testcase classname="tests.test_iteration_64.TestIntelSheetEndpoint" name="test_intel_sheet_requires_token" time="0.117" /><testcase classname="tests.test_iteration_64.TestIntelSheetEndpoint" name="test_intel_sheet_with_invalid_token" time="0.124" /><testcase classname="tests.test_bayesian_engine.TestBayesianWeightCapping" name="test_high_variance_player_covariate_capped" time="0.000" /><testcase classname="tests.test_bayesian_engine.TestBayesianWeightCapping" name="test_covariate_cap_with_dominance" time="0.000" /><testcase classname="tests.test_bayesian_engine.TestBayesianWeightCapping" name="test_covariate_cap_random_stress" time="0.007" /><testcase classname="tests.test_bayesian_engine.TestMomentumLayer" name="test_cold_streak_detection" time="0.000" /><testcase classname="tests.test_bayesian_engine.TestMomentumLayer" name="test_hot_streak_detection" time="0.000" /><testcase classname="tests.test_bayesian_engine.TestMomentumLayer" name="test_stable_momentum" time="0.000" /><testcase classname="tests.test_bayesian_engine.TestStreakDetection" name="test_over_streak_5" time="0.000" /><testcase classname="tests.test_bayesian_engine.TestStreakDetection" name="test_under_streak_3" time="0.000" /><testcase classname="tests.test_bayesian_engine.TestStreakDetection" name="test_no_streak" time="0.000" /><testcase classname="tests.test_bayesian_engine.TestVolatility" name="test_low_volatility" time="0.000" /><testcase classname="tests.test_bayesian_engine.TestVolatility" name="test_high_volatility" time="0.000" /><testcase classname="tests.test_bayesian_engine.TestEdgeCases" name="test_empty_logs" time="0.000" /><testcase classname="tests.test_bayesian_engine.TestEdgeCases" name="test_single_game" time="0.000" /><testcase classname="tests.test_bayesian_engine.TestEdgeCases" name="test_two_games" time="0.000" /><testcase classname="tests.test_bayesian_engine.TestEdgeCases" name="test_zero_variance" time="0.000" /><testcase classname="tests.test_bayesian_engine.TestEdgeCases" name="test_very_small_stats" time="0.000" /><testcase classname="tests.test_bayesian_engine.TestPriorMomentumDominance" name="test_player_data_dominates" time="0.004" /><testcase classname="tests.test_fusion.TestFusionAgreement" name="test_both_over" time="0.000" /><testcase classname="tests.test_fusion.TestFusionAgreement" name="test_both_under" time="0.000" /><testcase classname="tests.test_fusion.TestFusionDisagreement" name="test_strong_bayesian_disagree" time="0.000" /><testcase classname="tests.test_fusion.TestFusionDisagreement" name="test_moderate_bayesian_disagree" time="0.000" /><testcase classname="tests.test_fusion.TestFusionDisagreement" name="test_weak_bayesian_disagree" time="0.000" /><testcase classname="tests.test_fusion.TestFusionRealCases" name="test_whiteman_contradiction" time="0.000" /><testcase classname="tests.test_fusion.TestFusionRealCases" name="test_klarer_contradiction" time="0.000" /><testcase classname="tests.test_fusion.TestFusionRealCases" name="test_randell_agreement" time="0.000" /><testcase classname="tests.test_fusion.TestFusionEdgeCases" name="test_identical_projections" time="0.000" /><testcase classname="tests.test_fusion.TestFusionEdgeCases" name="test_extreme_disagreement" time="0.000" /><testcase classname="tests.test_fusion.TestFusionEdgeCases" name="test_coin_flip_bayesian" time="0.000" /></testsuite></testsuites>