<?xml version="1.0" encoding="utf-8"?><testsuites name="pytest tests"><testsuite name="pytest" errors="0" failures="0" skipped="0" tests="11" time="2.236" timestamp="2026-04-05T10:43:11.008598+00:00" hostname="agent-env-fd1b7294-f4b9-4e7b-8c06-b844463a97cd"><testcase classname="backend.tests.test_iteration_54_manual_search.TestManualSearchEndpoints" name="test_get_leagues_returns_12_leagues" time="0.244" /><testcase classname="backend.tests.test_iteration_54_manual_search.TestManualSearchEndpoints" name="test_get_premier_league_teams" time="0.138" /><testcase classname="backend.tests.test_iteration_54_manual_search.TestManualSearchEndpoints" name="test_get_la_liga_teams" time="0.103" /><testcase classname="backend.tests.test_iteration_54_manual_search.TestManualSearchEndpoints" name="test_search_player_athletic_club_squad" time="0.313" /><testcase classname="backend.tests.test_iteration_54_manual_search.TestManualSearchEndpoints" name="test_search_player_with_name_filter" time="0.267" /><testcase classname="backend.tests.test_iteration_54_manual_search.TestManualSearchEndpoints" name="test_search_player_empty_team" time="0.309" /><testcase classname="backend.tests.test_iteration_54_manual_search.TestManualSearchEndpoints" name="test_get_teams_empty_league" time="0.098" /><testcase classname="backend.tests.test_iteration_54_manual_search.TestAvgProjFix" name="test_predict_endpoint_exists" time="0.281" /><testcase classname="backend.tests.test_iteration_54_manual_search.TestLeagueIds" name="test_league_ids_match_expected" time="0.094" /><testcase classname="backend.tests.test_iteration_54_manual_search.TestTeamDataStructure" name="test_bundesliga_teams_structure" time="0.136" /><testcase classname="backend.tests.test_iteration_54_manual_search.TestTeamDataStructure" name="test_serie_a_teams_structure" time="0.100" /></testsuite></testsuites>