<?xml version="1.0" encoding="utf-8"?><testsuites name="pytest tests"><testsuite name="pytest" errors="0" failures="0" skipped="0" tests="16" time="7.294" timestamp="2026-04-05T20:08:02.361242+00:00" hostname="agent-env-fd1b7294-f4b9-4e7b-8c06-b844463a97cd"><testcase classname="backend.tests.test_iteration_59_intel_sheet.TestIntelSheetEndpoint" name="test_sheet_endpoint_returns_200_for_owner" time="0.444" /><testcase classname="backend.tests.test_iteration_59_intel_sheet.TestIntelSheetEndpoint" name="test_sheet_returns_rows_array" time="0.124" /><testcase classname="backend.tests.test_iteration_59_intel_sheet.TestIntelSheetEndpoint" name="test_sheet_returns_meta_fields" time="0.134" /><testcase classname="backend.tests.test_iteration_59_intel_sheet.TestIntelSheetEndpoint" name="test_sheet_row_has_all_required_columns" time="0.153" /><testcase classname="backend.tests.test_iteration_59_intel_sheet.TestIntelSheetEndpoint" name="test_sheet_row_data_types" time="0.137" /><testcase classname="backend.tests.test_iteration_59_intel_sheet.TestIntelSheetEndpoint" name="test_sheet_error_direction_logic" time="0.138" /><testcase classname="backend.tests.test_iteration_59_intel_sheet.TestIntelSheetEndpoint" name="test_sheet_basketball_sport" time="0.173" /><testcase classname="backend.tests.test_iteration_59_intel_sheet.TestIntelSheetEndpoint" name="test_sheet_denied_for_non_owner" time="0.507" /><testcase classname="backend.tests.test_iteration_59_intel_sheet.TestIntelSheetEndpoint" name="test_sheet_denied_for_invalid_token" time="0.105" /><testcase classname="backend.tests.test_iteration_59_intel_sheet.TestIntelSheetEndpoint" name="test_sheet_result_values" time="2.014" /><testcase classname="backend.tests.test_iteration_59_intel_sheet.TestIntelSheetEndpoint" name="test_sheet_rec_values" time="0.662" /><testcase classname="backend.tests.test_iteration_59_intel_sheet.TestIntelSheetEndpoint" name="test_sheet_sorted_by_timestamp_desc" time="0.475" /><testcase classname="backend.tests.test_iteration_59_intel_sheet.TestIntelSheetDataIntegrity" name="test_soccer_has_expected_data" time="0.672" /><testcase classname="backend.tests.test_iteration_59_intel_sheet.TestIntelSheetDataIntegrity" name="test_basketball_has_expected_data" time="0.490" /><testcase classname="backend.tests.test_iteration_59_intel_sheet.TestIntelSheetDataIntegrity" name="test_match_result_values" time="0.482" /><testcase classname="backend.tests.test_iteration_59_intel_sheet.TestIntelSheetDataIntegrity" name="test_venue_values" time="0.493" /></testsuite></testsuites>