<?xml version="1.0" encoding="utf-8"?><testsuites name="pytest tests"><testsuite name="pytest" errors="0" failures="0" skipped="0" tests="22" time="1.384" timestamp="2026-04-06T23:50:22.754647+00:00" hostname="agent-env-fd1b7294-f4b9-4e7b-8c06-b844463a97cd"><testcase classname="tests.test_iteration_66_soccer_improvements.TestHealthEndpoint" name="test_health_returns_ok" time="0.165" /><testcase classname="tests.test_iteration_66_soccer_improvements.TestPredictEndpoint" name="test_predict_endpoint_exists" time="0.350" /><testcase classname="tests.test_iteration_66_soccer_improvements.TestGameTempoEstimationCode" name="test_game_tempo_variable_initialization" time="0.000" /><testcase classname="tests.test_iteration_66_soccer_improvements.TestGameTempoEstimationCode" name="test_game_tempo_calculation_logic" time="0.000" /><testcase classname="tests.test_iteration_66_soccer_improvements.TestGameTempoEstimationCode" name="test_game_tempo_logging" time="0.000" /><testcase classname="tests.test_iteration_66_soccer_improvements.TestGameTempoEstimationCode" name="test_game_tempo_multiplier_application" time="0.000" /><testcase classname="tests.test_iteration_66_soccer_improvements.TestFavoriteDampeningCode" name="test_favorite_dampening_initialization" time="0.000" /><testcase classname="tests.test_iteration_66_soccer_improvements.TestFavoriteDampeningCode" name="test_favorite_dampening_threshold" time="0.000" /><testcase classname="tests.test_iteration_66_soccer_improvements.TestFavoriteDampeningCode" name="test_favorite_dampening_logging" time="0.000" /><testcase classname="tests.test_iteration_66_soccer_improvements.TestFavoriteDampeningCode" name="test_favorite_dampening_pass_props_only" time="0.000" /><testcase classname="tests.test_iteration_66_soccer_improvements.TestCrossTeamPossessionContradiction" name="test_possession_contradiction_type_exists" time="0.000" /><testcase classname="tests.test_iteration_66_soccer_improvements.TestCrossTeamPossessionContradiction" name="test_possession_contradiction_severity" time="0.000" /><testcase classname="tests.test_iteration_66_soccer_improvements.TestCrossTeamPossessionContradiction" name="test_possession_contradiction_message_content" time="0.000" /><testcase classname="tests.test_iteration_66_soccer_improvements.TestCrossTeamPossessionContradiction" name="test_correlation_warnings_returned" time="0.000" /><testcase classname="tests.test_iteration_66_soccer_improvements.TestBayesianPromptAnchor" name="test_bayesian_anchor_tempo_injection" time="0.000" /><testcase classname="tests.test_iteration_66_soccer_improvements.TestBayesianPromptAnchor" name="test_bayesian_anchor_favorite_injection" time="0.000" /><testcase classname="tests.test_iteration_66_soccer_improvements.TestPostFusionScaling" name="test_post_fusion_tempo_scaling_exists" time="0.000" /><testcase classname="tests.test_iteration_66_soccer_improvements.TestPostFusionScaling" name="test_post_fusion_favorite_dampening_exists" time="0.000" /><testcase classname="tests.test_iteration_66_soccer_improvements.TestNoBasketballReferences" name="test_predict_py_no_basketball" time="0.001" /><testcase classname="tests.test_iteration_66_soccer_improvements.TestNoBasketballReferences" name="test_picks_py_no_basketball" time="0.001" /><testcase classname="tests.test_iteration_66_soccer_improvements.TestNoBasketballReferences" name="test_bayesian_engine_no_basketball" time="0.000" /><testcase classname="tests.test_iteration_66_soccer_improvements.TestPicksSaveCorrelationWarning" name="test_save_pick_returns_correlation_warnings_field" time="0.777" /></testsuite></testsuites>