<?xml version="1.0" encoding="utf-8"?><testsuites name="pytest tests"><testsuite name="pytest" errors="0" failures="0" skipped="0" tests="9" time="2.169" timestamp="2026-04-03T19:40:09.072342+00:00" hostname="agent-env-fd1b7294-f4b9-4e7b-8c06-b844463a97cd"><testcase classname="backend.tests.test_iteration_43_tracking_tabs.TestCalibrationInsightsEndpoint" name="test_calibration_insights_returns_200" time="0.233" /><testcase classname="backend.tests.test_iteration_43_tracking_tabs.TestCalibrationInsightsEndpoint" name="test_calibration_insights_structure" time="0.212" /><testcase classname="backend.tests.test_iteration_43_tracking_tabs.TestCalibrationInsightsEndpoint" name="test_calibration_insight_item_structure" time="0.255" /><testcase classname="backend.tests.test_iteration_43_tracking_tabs.TestCalibrationInsightsEndpoint" name="test_calibration_insights_unauthorized" time="0.201" /><testcase classname="backend.tests.test_iteration_43_tracking_tabs.TestPicksListFiltering" name="test_picks_list_returns_200" time="0.217" /><testcase classname="backend.tests.test_iteration_43_tracking_tabs.TestPicksListFiltering" name="test_picks_have_result_field" time="0.269" /><testcase classname="backend.tests.test_iteration_43_tracking_tabs.TestPicksListFiltering" name="test_picks_filtering_by_result" time="0.233" /><testcase classname="backend.tests.test_iteration_43_tracking_tabs.TestMissesEndpoint" name="test_misses_endpoint_returns_200" time="0.229" /><testcase classname="backend.tests.test_iteration_43_tracking_tabs.TestMissesEndpoint" name="test_misses_returns_only_misses" time="0.245" /></testsuite></testsuites>