<?xml version="1.0" encoding="utf-8"?><testsuites name="pytest tests"><testsuite name="pytest" errors="0" failures="0" skipped="0" tests="9" time="3.356" timestamp="2026-03-30T17:58:17.171830+00:00" hostname="agent-env-5e1e7943-4a41-4a29-a8e4-9314cbbb7644"><testcase classname="backend.tests.test_iteration_25.TestHealthEndpoint" name="test_health_returns_200" time="0.183" /><testcase classname="backend.tests.test_iteration_25.TestAuthVerifyWhop" name="test_owner_email_auto_verifies" time="0.166" /><testcase classname="backend.tests.test_iteration_25.TestAuthVerifyWhop" name="test_vip_email_michael_access" time="0.117" /><testcase classname="backend.tests.test_iteration_25.TestAuthVerifyWhop" name="test_invalid_email_returns_not_verified" time="2.102" /><testcase classname="backend.tests.test_iteration_25.TestAuthResetPassword" name="test_reset_password_endpoint_exists" time="0.117" /><testcase classname="backend.tests.test_iteration_25.TestAuthResetPassword" name="test_reset_password_short_password_validation" time="0.113" /><testcase classname="backend.tests.test_iteration_25.TestPicksEndpoint" name="test_picks_list_requires_auth" time="0.107" /><testcase classname="backend.tests.test_iteration_25.TestPicksEndpoint" name="test_picks_list_with_valid_session" time="0.237" /><testcase classname="backend.tests.test_iteration_25.TestCacheStatus" name="test_cache_status_returns_counts" time="0.132" /></testsuite></testsuites>