<?xml version="1.0" encoding="utf-8"?><testsuites name="pytest tests"><testsuite name="pytest" errors="0" failures="0" skipped="0" tests="25" time="0.054" timestamp="2026-04-02T02:31:15.863806+00:00" hostname="agent-env-fd1b7294-f4b9-4e7b-8c06-b844463a97cd"><testcase classname="tests.test_iteration_40_opponent_disambiguation.TestResolveOpponentLeagueFilter" name="test_resolve_opponent_league_filtered_search_first" time="0.001" /><testcase classname="tests.test_iteration_40_opponent_disambiguation.TestResolveOpponentLeagueFilter" name="test_resolve_opponent_uses_league_id_param" time="0.001" /><testcase classname="tests.test_iteration_40_opponent_disambiguation.TestResolveOpponentLeagueFilter" name="test_resolve_opponent_prints_league_filtered_match" time="0.000" /><testcase classname="tests.test_iteration_40_opponent_disambiguation.TestAIPromptClarity" name="test_soccer_prompt_plays_for_team" time="0.001" /><testcase classname="tests.test_iteration_40_opponent_disambiguation.TestAIPromptClarity" name="test_soccer_prompt_opponent_label" time="0.000" /><testcase classname="tests.test_iteration_40_opponent_disambiguation.TestAIPromptClarity" name="test_basketball_prompt_plays_for_team" time="0.000" /><testcase classname="tests.test_iteration_40_opponent_disambiguation.TestAIPromptClarity" name="test_basketball_prompt_opponent_label" time="0.000" /><testcase classname="tests.test_iteration_40_opponent_disambiguation.TestAIPromptClarity" name="test_soccer_prompt_line_1214" time="0.000" /><testcase classname="tests.test_iteration_40_opponent_disambiguation.TestAIPromptClarity" name="test_basketball_prompt_line_715" time="0.000" /><testcase classname="tests.test_iteration_40_opponent_disambiguation.TestGracePeriodIncrease" name="test_soccer_grace_period_25s" time="0.000" /><testcase classname="tests.test_iteration_40_opponent_disambiguation.TestGracePeriodIncrease" name="test_basketball_grace_period_25s" time="0.000" /><testcase classname="tests.test_iteration_40_opponent_disambiguation.TestGracePeriodIncrease" name="test_soccer_grace_period_line_1364" time="0.000" /><testcase classname="tests.test_iteration_40_opponent_disambiguation.TestGracePeriodIncrease" name="test_basketball_grace_period_line_858" time="0.000" /><testcase classname="tests.test_iteration_40_opponent_disambiguation.TestTeamIdZeroGuard" name="test_teamid_zero_guard_exists" time="0.000" /><testcase classname="tests.test_iteration_40_opponent_disambiguation.TestTeamIdZeroGuard" name="test_teamid_zero_returns_400" time="0.000" /><testcase classname="tests.test_iteration_40_opponent_disambiguation.TestTeamIdZeroGuard" name="test_opponentid_zero_guard_exists" time="0.000" /><testcase classname="tests.test_iteration_40_opponent_disambiguation.TestTeamLeagueMap" name="test_team_league_map_count" time="0.000" /><testcase classname="tests.test_iteration_40_opponent_disambiguation.TestTeamLeagueMap" name="test_ligue1_teams_present" time="0.000" /><testcase classname="tests.test_iteration_40_opponent_disambiguation.TestTeamLeagueMap" name="test_bundesliga_teams_present" time="0.000" /><testcase classname="tests.test_iteration_40_opponent_disambiguation.TestTeamLeagueMap" name="test_serie_a_teams_present" time="0.000" /><testcase classname="tests.test_iteration_40_opponent_disambiguation.TestTeamLeagueMap" name="test_la_liga_teams_present" time="0.000" /><testcase classname="tests.test_iteration_40_opponent_disambiguation.TestTeamLeagueMap" name="test_brasileirao_teams_present" time="0.000" /><testcase classname="tests.test_iteration_40_opponent_disambiguation.TestTeamLeagueMap" name="test_epl_teams_present" time="0.000" /><testcase classname="tests.test_iteration_40_opponent_disambiguation.TestTeamLeagueMap" name="test_newcastle_maps_to_epl" time="0.000" /><testcase classname="tests.test_iteration_40_opponent_disambiguation.TestPositionComparisonLeagueFilter" name="test_position_comparison_exists" time="0.000" /></testsuite></testsuites>