<?xml version="1.0" encoding="utf-8"?><testsuites name="pytest tests"><testsuite name="pytest" errors="0" failures="0" skipped="0" tests="31" time="2.255" timestamp="2026-04-06T13:53:22.755701+00:00" hostname="agent-env-fd1b7294-f4b9-4e7b-8c06-b844463a97cd"><testcase classname="tests.test_ocr_validation_and_autotune.TestOCRValidationSoccer" name="test_valid_soccer_extraction" time="2.010" /><testcase classname="tests.test_ocr_validation_and_autotune.TestOCRValidationSoccer" name="test_valid_soccer_pass_attempts" time="0.000" /><testcase classname="tests.test_ocr_validation_and_autotune.TestOCRValidationSoccer" name="test_valid_soccer_saves" time="0.000" /><testcase classname="tests.test_ocr_validation_and_autotune.TestOCRValidationSoccer" name="test_missing_name" time="0.000" /><testcase classname="tests.test_ocr_validation_and_autotune.TestOCRValidationSoccer" name="test_name_too_short" time="0.000" /><testcase classname="tests.test_ocr_validation_and_autotune.TestOCRValidationSoccer" name="test_name_no_letters" time="0.000" /><testcase classname="tests.test_ocr_validation_and_autotune.TestOCRValidationSoccer" name="test_name_is_ui_element_less" time="0.000" /><testcase classname="tests.test_ocr_validation_and_autotune.TestOCRValidationSoccer" name="test_name_is_ui_element_more" time="0.000" /><testcase classname="tests.test_ocr_validation_and_autotune.TestOCRValidationSoccer" name="test_name_is_ui_element_vs" time="0.000" /><testcase classname="tests.test_ocr_validation_and_autotune.TestOCRValidationSoccer" name="test_missing_line" time="0.000" /><testcase classname="tests.test_ocr_validation_and_autotune.TestOCRValidationSoccer" name="test_line_zero" time="0.000" /><testcase classname="tests.test_ocr_validation_and_autotune.TestOCRValidationSoccer" name="test_line_negative" time="0.000" /><testcase classname="tests.test_ocr_validation_and_autotune.TestOCRValidationSoccer" name="test_line_impossibly_high" time="0.000" /><testcase classname="tests.test_ocr_validation_and_autotune.TestOCRValidationSoccer" name="test_line_not_a_number" time="0.000" /><testcase classname="tests.test_ocr_validation_and_autotune.TestOCRValidationSoccer" name="test_missing_prop_type" time="0.000" /><testcase classname="tests.test_ocr_validation_and_autotune.TestOCRValidationSoccer" name="test_unknown_prop_type" time="0.000" /><testcase classname="tests.test_ocr_validation_and_autotune.TestOCRValidationBasketball" name="test_valid_basketball_points" time="0.000" /><testcase classname="tests.test_ocr_validation_and_autotune.TestOCRValidationBasketball" name="test_valid_basketball_rebounds" time="0.000" /><testcase classname="tests.test_ocr_validation_and_autotune.TestOCRValidationBasketball" name="test_valid_basketball_pts_reb_ast" time="0.000" /><testcase classname="tests.test_ocr_validation_and_autotune.TestOCRValidationBasketball" name="test_valid_basketball_three_pointers" time="0.000" /><testcase classname="tests.test_ocr_validation_and_autotune.TestOCRValidationBasketball" name="test_basketball_unknown_prop" time="0.000" /><testcase classname="tests.test_ocr_validation_and_autotune.TestOCRValidationBasketball" name="test_basketball_alias_normalization" time="0.000" /><testcase classname="tests.test_ocr_validation_and_autotune.TestAutoTuneMarketBlend" name="test_returns_valid_weight_range" time="0.004" /><testcase classname="tests.test_ocr_validation_and_autotune.TestAutoTuneMarketBlend" name="test_cache_works" time="0.000" /><testcase classname="tests.test_ocr_validation_and_autotune.TestAutoTuneMarketBlend" name="test_insufficient_data_returns_default" time="0.000" /><testcase classname="tests.test_ocr_validation_and_autotune.TestBlendWithMarketLine" name="test_blend_with_default_weight" time="0.000" /><testcase classname="tests.test_ocr_validation_and_autotune.TestBlendWithMarketLine" name="test_blend_with_custom_weight" time="0.000" /><testcase classname="tests.test_ocr_validation_and_autotune.TestBlendWithMarketLine" name="test_blend_with_zero_line" time="0.000" /><testcase classname="tests.test_ocr_validation_and_autotune.TestBlendWithMarketLine" name="test_blend_same_values" time="0.000" /><testcase classname="tests.test_ocr_validation_and_autotune.TestApplyEliteCalibration" name="test_calibration_metadata_includes_blend_info" time="0.001" /><testcase classname="tests.test_ocr_validation_and_autotune.TestHealthEndpoint" name="test_health_returns_ok" time="0.211" /></testsuite></testsuites>