<?xml version="1.0" encoding="utf-8"?><testsuites name="pytest tests"><testsuite name="pytest" errors="0" failures="0" skipped="0" tests="20" time="0.437" timestamp="2026-04-05T06:22:13.363176+00:00" hostname="agent-env-fd1b7294-f4b9-4e7b-8c06-b844463a97cd"><testcase classname="backend.tests.test_iteration_53_model_upgrades.TestHealthAndBasics" name="test_health_endpoint" time="0.123" /><testcase classname="backend.tests.test_iteration_53_model_upgrades.TestModelStringsInCode" name="test_predict_py_has_gemini_25_pro" time="0.001" /><testcase classname="backend.tests.test_iteration_53_model_upgrades.TestModelStringsInCode" name="test_predict_py_has_grok_41_fast_reasoning" time="0.001" /><testcase classname="backend.tests.test_iteration_53_model_upgrades.TestModelStringsInCode" name="test_predict_py_has_gpt52" time="0.001" /><testcase classname="backend.tests.test_iteration_53_model_upgrades.TestModelStringsInCode" name="test_basketball_predict_py_has_gemini_25_pro" time="0.000" /><testcase classname="backend.tests.test_iteration_53_model_upgrades.TestModelStringsInCode" name="test_basketball_predict_py_has_grok_41_fast_reasoning" time="0.000" /><testcase classname="backend.tests.test_iteration_53_model_upgrades.TestModelStringsInCode" name="test_basketball_predict_py_has_gpt52" time="0.000" /><testcase classname="backend.tests.test_iteration_53_model_upgrades.TestModelStringsInCode" name="test_miss_analysis_py_has_gemini_25_pro" time="0.000" /><testcase classname="backend.tests.test_iteration_53_model_upgrades.TestModelStringsInCode" name="test_miss_analysis_py_has_grok_41_fast_reasoning" time="0.000" /><testcase classname="backend.tests.test_iteration_53_model_upgrades.TestModelStringsInCode" name="test_miss_analysis_py_has_gpt52" time="0.000" /><testcase classname="backend.tests.test_iteration_53_model_upgrades.TestAdminCalibrationEndpoint" name="test_admin_calibration_summarize_has_new_fields" time="0.000" /><testcase classname="backend.tests.test_iteration_53_model_upgrades.TestCalibrationEngineV2" name="test_calibration_has_position_inference" time="0.000" /><testcase classname="backend.tests.test_iteration_53_model_upgrades.TestCalibrationEngineV2" name="test_calibration_has_game_context_classification" time="0.000" /><testcase classname="backend.tests.test_iteration_53_model_upgrades.TestCalibrationEngineV2" name="test_calibration_has_granular_buckets" time="0.000" /><testcase classname="backend.tests.test_iteration_53_model_upgrades.TestFrontendCalibrationDashboard" name="test_profile_tab_has_calibration_dashboard" time="0.000" /><testcase classname="backend.tests.test_iteration_53_model_upgrades.TestFrontendCalibrationDashboard" name="test_calibration_dashboard_has_section_tabs" time="0.000" /><testcase classname="backend.tests.test_iteration_53_model_upgrades.TestFrontendCalibrationDashboard" name="test_calibration_dashboard_has_data_testids" time="0.000" /><testcase classname="backend.tests.test_iteration_53_model_upgrades.TestFrontendCalibrationDashboard" name="test_calibration_dashboard_renders_new_fields" time="0.000" /><testcase classname="backend.tests.test_iteration_53_model_upgrades.TestOwnerAuthAndCalibrationAPI" name="test_owner_login_endpoint_exists" time="0.111" /><testcase classname="backend.tests.test_iteration_53_model_upgrades.TestOwnerAuthAndCalibrationAPI" name="test_calibration_endpoint_requires_auth" time="0.100" /></testsuite></testsuites>