<?xml version="1.0" encoding="utf-8"?><testsuites name="pytest tests"><testsuite name="pytest" errors="0" failures="0" skipped="0" tests="14" time="12.552" timestamp="2026-04-05T17:30:26.312495+00:00" hostname="agent-env-fd1b7294-f4b9-4e7b-8c06-b844463a97cd"><testcase classname="backend.tests.test_iteration_55_intel_exact_positions.TestIntelOwnerAuth" name="test_intel_dashboard_owner_access" time="0.269" /><testcase classname="backend.tests.test_iteration_55_intel_exact_positions.TestIntelOwnerAuth" name="test_intel_dashboard_non_owner_denied" time="0.437" /><testcase classname="backend.tests.test_iteration_55_intel_exact_positions.TestIntelOwnerAuth" name="test_backfill_positions_non_owner_denied" time="0.490" /><testcase classname="backend.tests.test_iteration_55_intel_exact_positions.TestIntelDashboardExactPositions" name="test_dashboard_soccer_returns_exact_positions" time="0.187" /><testcase classname="backend.tests.test_iteration_55_intel_exact_positions.TestIntelDashboardExactPositions" name="test_dashboard_basketball_returns_exact_positions" time="0.170" /><testcase classname="backend.tests.test_iteration_55_intel_exact_positions.TestIntelDashboardExactPositions" name="test_dashboard_position_prop_breakdown" time="0.174" /><testcase classname="backend.tests.test_iteration_55_intel_exact_positions.TestIntelWorstMissesWithRole" name="test_worst_misses_include_position_and_role" time="3.925" /><testcase classname="backend.tests.test_iteration_55_intel_exact_positions.TestBackfillPositionsEndpoint" name="test_backfill_endpoint_returns_success" time="0.944" /><testcase classname="backend.tests.test_iteration_55_intel_exact_positions.TestBackfillPositionsEndpoint" name="test_backfill_is_idempotent" time="1.580" /><testcase classname="backend.tests.test_iteration_55_intel_exact_positions.TestPicksSaveWithPosition" name="test_save_pick_with_position_and_role" time="1.508" /><testcase classname="backend.tests.test_iteration_55_intel_exact_positions.TestIntelDashboardDataIntegrity" name="test_dashboard_returns_all_expected_fields" time="0.656" /><testcase classname="backend.tests.test_iteration_55_intel_exact_positions.TestIntelDashboardDataIntegrity" name="test_position_totals_match_overall" time="0.682" /><testcase classname="backend.tests.test_iteration_55_intel_exact_positions.TestExactPositionConstants" name="test_soccer_exact_positions_recognized" time="0.669" /><testcase classname="backend.tests.test_iteration_55_intel_exact_positions.TestExactPositionConstants" name="test_basketball_exact_positions_recognized" time="0.731" /></testsuite></testsuites>