<?xml version="1.0" encoding="utf-8"?><testsuites name="pytest tests"><testsuite name="pytest" errors="0" failures="0" skipped="0" tests="15" time="4.954" timestamp="2026-04-02T20:27:57.168030+00:00" hostname="agent-env-fd1b7294-f4b9-4e7b-8c06-b844463a97cd"><testcase classname="backend.tests.test_iteration_41_re_resolve.TestReResolveEndpoint" name="test_re_resolve_endpoint_exists" time="0.929" /><testcase classname="backend.tests.test_iteration_41_re_resolve.TestReResolveEndpoint" name="test_re_resolve_known_soccer_player_messi" time="0.335" /><testcase classname="backend.tests.test_iteration_41_re_resolve.TestReResolveEndpoint" name="test_re_resolve_with_corrected_team_name" time="0.127" /><testcase classname="backend.tests.test_iteration_41_re_resolve.TestReResolveEndpoint" name="test_re_resolve_basketball_sport_parameter" time="0.110" /><testcase classname="backend.tests.test_iteration_41_re_resolve.TestReResolveEndpoint" name="test_re_resolve_unknown_player_graceful_null" time="2.050" /><testcase classname="backend.tests.test_iteration_41_re_resolve.TestReResolveEndpoint" name="test_re_resolve_missing_player_name_returns_400" time="0.137" /><testcase classname="backend.tests.test_iteration_41_re_resolve.TestReResolveEndpoint" name="test_re_resolve_missing_player_team_returns_400" time="0.134" /><testcase classname="backend.tests.test_iteration_41_re_resolve.TestReResolveEndpoint" name="test_re_resolve_empty_player_name_returns_400" time="0.132" /><testcase classname="backend.tests.test_iteration_41_re_resolve.TestReResolveEndpoint" name="test_re_resolve_empty_player_team_returns_400" time="0.140" /><testcase classname="backend.tests.test_iteration_41_re_resolve.TestReResolveEndpoint" name="test_re_resolve_optional_opponent_name" time="0.113" /><testcase classname="backend.tests.test_iteration_41_re_resolve.TestReResolveEndpoint" name="test_re_resolve_default_sport_is_soccer" time="0.110" /><testcase classname="backend.tests.test_iteration_41_re_resolve.TestReResolveEndpoint" name="test_re_resolve_la_liga_player" time="0.119" /><testcase classname="backend.tests.test_iteration_41_re_resolve.TestReResolveEndpoint" name="test_re_resolve_bundesliga_player" time="0.168" /><testcase classname="backend.tests.test_iteration_41_re_resolve.TestReResolveEndpoint" name="test_re_resolve_position_info_returned" time="0.143" /><testcase classname="backend.tests.test_iteration_41_re_resolve.TestReResolveIntegration" name="test_re_resolve_response_can_update_scan_result" time="0.125" /></testsuite></testsuites>