<?xml version="1.0" encoding="utf-8"?><testsuites name="pytest tests"><testsuite name="pytest" errors="0" failures="0" skipped="0" tests="8" time="35.778" timestamp="2026-04-07T00:21:34.233804+00:00" hostname="agent-env-fd1b7294-f4b9-4e7b-8c06-b844463a97cd"><testcase classname="tests.test_iteration_67_divergence_guard.TestHealthCheck" name="test_health_returns_ok" time="23.803" /><testcase classname="tests.test_iteration_67_divergence_guard.TestPredictionEndpoint" name="test_predict_endpoint_exists" time="10.107" /><testcase classname="tests.test_iteration_67_divergence_guard.TestPredictionEndpoint" name="test_predict_validates_input" time="0.352" /><testcase classname="tests.test_iteration_67_divergence_guard.TestNoBasketballReferences" name="test_models_no_basketball" time="0.000" /><testcase classname="tests.test_iteration_67_divergence_guard.TestNoBasketballReferences" name="test_predict_endpoint_no_basketball_route" time="0.238" /><testcase classname="tests.test_iteration_67_divergence_guard.TestBacktestResults" name="test_backtest_file_exists" time="0.000" /><testcase classname="tests.test_iteration_67_divergence_guard.TestAuthFlow" name="test_verify_access_owner" time="0.448" /><testcase classname="tests.test_iteration_67_divergence_guard.TestAuthFlow" name="test_verify_access_test_user" time="0.747" /></testsuite></testsuites>