<?xml version="1.0" encoding="utf-8"?><testsuites name="pytest tests"><testsuite name="pytest" errors="0" failures="0" skipped="0" tests="23" time="5.864" timestamp="2026-04-03T21:32:47.013534+00:00" hostname="agent-env-fd1b7294-f4b9-4e7b-8c06-b844463a97cd"><testcase classname="tests.test_iteration_45_square_webhook_fix.TestSquareWebhookEventTypes" name="test_webhook_payment_completed_email_match" time="0.162" /><testcase classname="tests.test_iteration_45_square_webhook_fix.TestSquareWebhookEventTypes" name="test_webhook_payment_completed_order_match" time="0.138" /><testcase classname="tests.test_iteration_45_square_webhook_fix.TestSquareWebhookEventTypes" name="test_webhook_order_updated_completed" time="0.099" /><testcase classname="tests.test_iteration_45_square_webhook_fix.TestSquareWebhookEventTypes" name="test_webhook_order_completed" time="0.103" /><testcase classname="tests.test_iteration_45_square_webhook_fix.TestSquareWebhookEventTypes" name="test_webhook_subscription_updated_legacy" time="0.096" /><testcase classname="tests.test_iteration_45_square_webhook_fix.TestSquareWebhookEventTypes" name="test_webhook_invoice_payment_made" time="0.105" /><testcase classname="tests.test_iteration_45_square_webhook_fix.TestSquareWebhookEventTypes" name="test_webhook_unknown_event_type" time="0.100" /><testcase classname="tests.test_iteration_45_square_webhook_fix.TestVerifyPaymentEndpoint" name="test_verify_payment_unknown_email_returns_404" time="0.619" /><testcase classname="tests.test_iteration_45_square_webhook_fix.TestVerifyPaymentEndpoint" name="test_verify_payment_no_password_returns_error" time="0.568" /><testcase classname="tests.test_iteration_45_square_webhook_fix.TestVerifyPaymentEndpoint" name="test_verify_payment_empty_email" time="0.615" /><testcase classname="tests.test_iteration_45_square_webhook_fix.TestVerifyPaymentEndpoint" name="test_verify_payment_endpoint_exists" time="0.515" /><testcase classname="tests.test_iteration_45_square_webhook_fix.TestAdminBulkVerifyEndpoint" name="test_bulk_verify_non_admin_returns_403" time="0.120" /><testcase classname="tests.test_iteration_45_square_webhook_fix.TestAdminBulkVerifyEndpoint" name="test_bulk_verify_admin_email_works" time="0.540" /><testcase classname="tests.test_iteration_45_square_webhook_fix.TestAdminBulkVerifyEndpoint" name="test_bulk_verify_endpoint_exists" time="0.101" /><testcase classname="tests.test_iteration_45_square_webhook_fix.TestSquareAPIFunctions" name="test_square_plans_endpoint" time="0.113" /><testcase classname="tests.test_iteration_45_square_webhook_fix.TestSquareAPIFunctions" name="test_square_status_endpoint" time="0.114" /><testcase classname="tests.test_iteration_45_square_webhook_fix.TestWebhookWithPendingCheckout" name="test_webhook_activates_pending_checkout_by_email" time="0.101" /><testcase classname="tests.test_iteration_45_square_webhook_fix.TestAdminActivateEndpoint" name="test_admin_activate_non_admin_returns_403" time="0.119" /><testcase classname="tests.test_iteration_45_square_webhook_fix.TestAdminActivateEndpoint" name="test_admin_activate_with_admin_creates_subscription" time="0.933" /><testcase classname="tests.test_iteration_45_square_webhook_fix.TestAdminActivateEndpoint" name="test_admin_activate_endpoint_exists" time="0.106" /><testcase classname="tests.test_iteration_45_square_webhook_fix.TestExistingAuthFlows" name="test_verify_whop_for_owner_email" time="0.218" /><testcase classname="tests.test_iteration_45_square_webhook_fix.TestExistingAuthFlows" name="test_verify_whop_for_lifetime_user" time="0.099" /><testcase classname="tests.test_iteration_45_square_webhook_fix.TestExistingAuthFlows" name="test_login_endpoint_exists" time="0.099" /></testsuite></testsuites>