<?xml version="1.0" encoding="utf-8"?><testsuites name="pytest tests"><testsuite name="pytest" errors="0" failures="0" skipped="0" tests="9" time="5.721" timestamp="2026-04-04T03:23:05.840921+00:00" hostname="agent-env-fd1b7294-f4b9-4e7b-8c06-b844463a97cd"><testcase classname="backend.tests.test_iteration_47_change_plan.TestSquareStatusEndpoint" name="test_status_returns_plan_label_and_cadence_for_subscriber" time="0.757" /><testcase classname="backend.tests.test_iteration_47_change_plan.TestSquareStatusEndpoint" name="test_status_returns_inactive_for_non_subscriber" time="0.112" /><testcase classname="backend.tests.test_iteration_47_change_plan.TestChangePlanValidation" name="test_change_plan_rejects_invalid_plan" time="0.109" /><testcase classname="backend.tests.test_iteration_47_change_plan.TestChangePlanValidation" name="test_change_plan_rejects_non_subscriber" time="0.108" /><testcase classname="backend.tests.test_iteration_47_change_plan.TestChangePlanValidation" name="test_change_plan_rejects_same_plan" time="0.706" /><testcase classname="backend.tests.test_iteration_47_change_plan.TestChangePlanSuccess" name="test_change_plan_success_swap" time="1.501" /><testcase classname="backend.tests.test_iteration_47_change_plan.TestChangePlanEndpointStructure" name="test_change_plan_requires_email" time="0.104" /><testcase classname="backend.tests.test_iteration_47_change_plan.TestChangePlanEndpointStructure" name="test_change_plan_requires_new_plan_key" time="1.991" /><testcase classname="backend.tests.test_iteration_47_change_plan.TestSquarePlansEndpoint" name="test_plans_returns_all_options" time="0.253" /></testsuite></testsuites>