<?xml version="1.0" encoding="utf-8"?><testsuites name="pytest tests"><testsuite name="pytest" errors="0" failures="0" skipped="0" tests="6" time="35.279" timestamp="2026-03-30T17:24:46.877472+00:00" hostname="agent-env-5e1e7943-4a41-4a29-a8e4-9314cbbb7644"><testcase classname="tests.test_iteration_24.TestHealthAndAuth" name="test_health_endpoint" time="0.190" /><testcase classname="tests.test_iteration_24.TestHealthAndAuth" name="test_auth_verify_whop_owner" time="0.330" /><testcase classname="tests.test_iteration_24.TestTacticalEndpoints" name="test_tactical_start" time="0.121" /><testcase classname="tests.test_iteration_24.TestTacticalEndpoints" name="test_tactical_message" time="33.840" /><testcase classname="tests.test_iteration_24.TestCacheStatus" name="test_cache_status" time="0.433" /><testcase classname="tests.test_iteration_24.TestPicksEndpoints" name="test_list_picks" time="0.289" /></testsuite></testsuites>