<?xml version="1.0" encoding="utf-8"?><testsuites name="pytest tests"><testsuite name="pytest" errors="0" failures="0" skipped="1" tests="10" time="13.058" timestamp="2026-04-05T19:07:23.097610+00:00" hostname="agent-env-fd1b7294-f4b9-4e7b-8c06-b844463a97cd"><testcase classname="backend.tests.test_iteration_56_pick_analysis.TestPickAnalysisEndpoint" name="test_analysis_endpoint_returns_200_for_valid_pick" time="0.656" /><testcase classname="backend.tests.test_iteration_56_pick_analysis.TestPickAnalysisEndpoint" name="test_analysis_endpoint_returns_analysis_fields_when_found" time="0.322" /><testcase classname="backend.tests.test_iteration_56_pick_analysis.TestPickAnalysisEndpoint" name="test_analysis_endpoint_returns_not_found_for_invalid_pick" time="2.444" /><testcase classname="backend.tests.test_iteration_56_pick_analysis.TestPickAnalysisEndpoint" name="test_analysis_endpoint_requires_auth" time="0.921" /><testcase classname="backend.tests.test_iteration_56_pick_analysis.TestPickAnalysisEndpoint" name="test_analysis_endpoint_matches_by_player_and_prop" time="1.214" /><testcase classname="backend.tests.test_iteration_56_pick_analysis.TestPickAnalysisWithTestAccount" name="test_non_owner_can_access_own_pick_analysis" time="1.344"><skipped type="pytest.skip" message="No picks available for test account">/app/backend/tests/test_iteration_56_pick_analysis.py:223: No picks available for test account</skipped></testcase><testcase classname="backend.tests.test_iteration_56_pick_analysis.TestAnalysisFieldsCompleteness" name="test_analysis_includes_all_projection_fields" time="1.081" /><testcase classname="backend.tests.test_iteration_56_pick_analysis.TestAnalysisFieldsCompleteness" name="test_analysis_includes_reasoning_fields" time="4.287" /><testcase classname="backend.tests.test_iteration_56_pick_analysis.TestSettledPicksAnalysis" name="test_won_pick_analysis_available" time="0.322" /><testcase classname="backend.tests.test_iteration_56_pick_analysis.TestSettledPicksAnalysis" name="test_lost_pick_analysis_available" time="0.345" /></testsuite></testsuites>