<?xml version="1.0" encoding="utf-8"?><testsuites name="pytest tests"><testsuite name="pytest" errors="0" failures="0" skipped="1" tests="10" time="4.862" timestamp="2026-04-04T11:57:47.715985+00:00" hostname="agent-env-fd1b7294-f4b9-4e7b-8c06-b844463a97cd"><testcase classname="tests.test_iteration_49_change_plan_fix.TestChangePlanEndpoint" name="test_change_plan_rejects_non_subscriber" time="0.129" /><testcase classname="tests.test_iteration_49_change_plan_fix.TestChangePlanEndpoint" name="test_change_plan_rejects_invalid_plan" time="0.114" /><testcase classname="tests.test_iteration_49_change_plan_fix.TestChangePlanEndpoint" name="test_get_current_subscription_status" time="0.642" /><testcase classname="tests.test_iteration_49_change_plan_fix.TestChangePlanEndpoint" name="test_change_plan_rejects_same_plan" time="1.085" /><testcase classname="tests.test_iteration_49_change_plan_fix.TestSubscriptionStatusEndpoint" name="test_status_returns_plan_details" time="0.414" /><testcase classname="tests.test_iteration_49_change_plan_fix.TestSubscriptionStatusEndpoint" name="test_status_non_subscriber_returns_inactive" time="0.109" /><testcase classname="tests.test_iteration_49_change_plan_fix.TestSubscriptionStatusEndpoint" name="test_owner_status" time="0.109" /><testcase classname="tests.test_iteration_49_change_plan_fix.TestChangePlanIntegration" name="test_change_plan_success_and_verify" time="1.626"><skipped type="pytest.skip" message="Square API error: Plan change failed. Please contact support.">/app/backend/tests/test_iteration_49_change_plan_fix.py:219: Square API error: Plan change failed. Please contact support.</skipped></testcase><testcase classname="tests.test_iteration_49_change_plan_fix.TestAutoSyncBehavior" name="test_status_endpoint_returns_active_sub" time="0.457" /><testcase classname="tests.test_iteration_49_change_plan_fix.TestPlansEndpoint" name="test_plans_endpoint_returns_all_plans" time="0.101" /></testsuite></testsuites>