<?xml version="1.0" encoding="utf-8"?><testsuites name="pytest tests"><testsuite name="pytest" errors="0" failures="0" skipped="0" tests="10" time="2.279" timestamp="2026-04-03T20:11:06.503334+00:00" hostname="agent-env-fd1b7294-f4b9-4e7b-8c06-b844463a97cd"><testcase classname="backend.tests.test_iteration_44_component_split.TestHealthEndpoint" name="test_health_returns_ok" time="0.198" /><testcase classname="backend.tests.test_iteration_44_component_split.TestAuthEndpoints" name="test_verify_whop_owner_auto_verifies" time="0.109" /><testcase classname="backend.tests.test_iteration_44_component_split.TestAuthEndpoints" name="test_verify_session" time="0.220" /><testcase classname="backend.tests.test_iteration_44_component_split.TestPicksEndpoints" name="test_list_picks_returns_200" time="0.218" /><testcase classname="backend.tests.test_iteration_44_component_split.TestPicksEndpoints" name="test_picks_have_required_fields" time="0.227" /><testcase classname="backend.tests.test_iteration_44_component_split.TestCalibrationEndpoints" name="test_calibration_insights_returns_200" time="0.210" /><testcase classname="backend.tests.test_iteration_44_component_split.TestCalibrationEndpoints" name="test_calibration_insights_structure" time="0.215" /><testcase classname="backend.tests.test_iteration_44_component_split.TestAdminEndpoints" name="test_admin_settings_get_returns_200_for_owner" time="0.230" /><testcase classname="backend.tests.test_iteration_44_component_split.TestApiStatus" name="test_api_status_returns_200" time="0.345" /><testcase classname="backend.tests.test_iteration_44_component_split.TestMissesEndpoint" name="test_misses_endpoint_returns_200" time="0.225" /></testsuite></testsuites>