<?xml version="1.0" encoding="utf-8"?><testsuites name="pytest tests"><testsuite name="pytest" errors="0" failures="0" skipped="0" tests="12" time="143.402" timestamp="2026-04-08T14:32:45.016162+00:00" hostname="agent-env-fd1b7294-f4b9-4e7b-8c06-b844463a97cd"><testcase classname="tests.test_iteration_68_fixes.TestBackendHealth" name="test_backend_health" time="1.234" /><testcase classname="tests.test_iteration_68_fixes.TestPredictEndpoint" name="test_predict_with_valid_ids" time="53.615" /><testcase classname="tests.test_iteration_68_fixes.TestPredictEndpoint" name="test_predict_with_opponent_id_zero" time="42.452" /><testcase classname="tests.test_iteration_68_fixes.TestPredictEndpoint" name="test_predict_with_both_ids_zero" time="43.106" /><testcase classname="tests.test_iteration_68_fixes.TestScanPropEndpoint" name="test_scan_prop_invalid_base64" time="0.368" /><testcase classname="tests.test_iteration_68_fixes.TestTeamResolutionViaAPI" name="test_bayern_munich_resolution" time="0.181" /><testcase classname="tests.test_iteration_68_fixes.TestTeamResolutionViaAPI" name="test_atletico_madrid_resolution" time="0.162" /><testcase classname="tests.test_iteration_68_fixes.TestTeamResolutionViaAPI" name="test_borussia_monchengladbach_resolution" time="1.782" /><testcase classname="tests.test_iteration_68_fixes.TestPlayerResolutionViaAPI" name="test_joshua_kimmich_resolution" time="0.135" /><testcase classname="tests.test_iteration_68_fixes.TestPlayerResolutionViaAPI" name="test_harry_kane_resolution" time="0.130" /><testcase classname="tests.test_iteration_68_fixes.TestGrokModelConfiguration" name="test_grok_model_names" time="0.112" /><testcase classname="tests.test_iteration_68_fixes.TestPredictionRequestModel" name="test_opponent_id_optional" time="0.045" /></testsuite></testsuites>