<?xml version="1.0" encoding="utf-8"?><testsuites name="pytest tests"><testsuite name="pytest" errors="0" failures="0" skipped="0" tests="11" time="1.664" timestamp="2026-04-05T19:55:15.978661+00:00" hostname="agent-env-fd1b7294-f4b9-4e7b-8c06-b844463a97cd"><testcase classname="backend.tests.test_iteration_58_calibration_stats.TestCalibrationStatsPanel" name="test_intel_dashboard_returns_calibration_object" time="0.272" /><testcase classname="backend.tests.test_iteration_58_calibration_stats.TestCalibrationStatsPanel" name="test_confidence_accuracy_structure" time="0.126" /><testcase classname="backend.tests.test_iteration_58_calibration_stats.TestCalibrationStatsPanel" name="test_flip_candidates_structure" time="0.122" /><testcase classname="backend.tests.test_iteration_58_calibration_stats.TestCalibrationStatsPanel" name="test_edge_performance_structure" time="0.104" /><testcase classname="backend.tests.test_iteration_58_calibration_stats.TestCalibrationStatsPanel" name="test_error_map_structure" time="0.124" /><testcase classname="backend.tests.test_iteration_58_calibration_stats.TestCalibrationStatsPanel" name="test_prop_rec_breakdown_structure" time="0.133" /><testcase classname="backend.tests.test_iteration_58_calibration_stats.TestCalibrationStatsPanel" name="test_basketball_calibration_data" time="0.105" /><testcase classname="backend.tests.test_iteration_58_calibration_stats.TestCalibrationStatsPanel" name="test_auto_flip_badge_criteria" time="0.115" /><testcase classname="backend.tests.test_iteration_58_calibration_stats.TestCalibrationStatsPanel" name="test_non_owner_access_denied" time="0.111" /><testcase classname="backend.tests.test_iteration_58_calibration_stats.TestCalibrationDataIntegrity" name="test_calibration_totals_match_overall" time="0.230" /><testcase classname="backend.tests.test_iteration_58_calibration_stats.TestCalibrationDataIntegrity" name="test_prop_rec_breakdown_covers_all_recs" time="0.123" /></testsuite></testsuites>