<?xml version="1.0" encoding="utf-8"?><testsuites name="pytest tests"><testsuite name="pytest" errors="0" failures="0" skipped="0" tests="10" time="0.346" timestamp="2026-04-04T11:17:23.832464+00:00" hostname="agent-env-fd1b7294-f4b9-4e7b-8c06-b844463a97cd"><testcase classname="backend.tests.test_iteration_48_batch_removal.TestBatchModeRemoval" name="test_no_batch_mode_state_in_app_js" time="0.001" /><testcase classname="backend.tests.test_iteration_48_batch_removal.TestBatchModeRemoval" name="test_no_player_report_import" time="0.000" /><testcase classname="backend.tests.test_iteration_48_batch_removal.TestBatchModeRemoval" name="test_app_js_compiles_no_dangling_jsx" time="0.000" /><testcase classname="backend.tests.test_iteration_48_batch_removal.TestProjectionCardTacticalBreakdown" name="test_tactical_breakdown_section_exists" time="0.000" /><testcase classname="backend.tests.test_iteration_48_batch_removal.TestProjectionCardTacticalBreakdown" name="test_match_context_badge_exists" time="0.000" /><testcase classname="backend.tests.test_iteration_48_batch_removal.TestProjectionCardTacticalBreakdown" name="test_markdown_bold_parsing" time="0.000" /><testcase classname="backend.tests.test_iteration_48_batch_removal.TestPredictEndpointMatchContext" name="test_predict_endpoint_exists" time="0.129" /><testcase classname="backend.tests.test_iteration_48_batch_removal.TestPredictEndpointMatchContext" name="test_match_context_in_backend_code" time="0.001" /><testcase classname="backend.tests.test_iteration_48_batch_removal.TestPredictEndpointMatchContext" name="test_tactical_breakdown_in_backend_code" time="0.000" /><testcase classname="backend.tests.test_iteration_48_batch_removal.TestHealthCheck" name="test_api_health" time="0.140" /></testsuite></testsuites>