<?xml version="1.0" encoding="utf-8"?><testsuites name="pytest tests"><testsuite name="pytest" errors="0" failures="0" skipped="0" tests="24" time="1.699" timestamp="2026-04-02T02:14:27.953347+00:00" hostname="agent-env-fd1b7294-f4b9-4e7b-8c06-b844463a97cd"><testcase classname="backend.tests.test_iteration_39_player_disambiguation.TestTeamIdZeroGuard" name="test_predict_rejects_team_id_zero" time="0.168" /><testcase classname="backend.tests.test_iteration_39_player_disambiguation.TestTeamIdZeroGuard" name="test_predict_rejects_opponent_id_zero" time="0.107" /><testcase classname="backend.tests.test_iteration_39_player_disambiguation.TestTeamIdZeroGuard" name="test_predict_rejects_both_ids_zero" time="0.165" /><testcase classname="backend.tests.test_iteration_39_player_disambiguation.TestTeamLeagueMapExpansion" name="test_team_league_map_has_toulouse" time="0.000" /><testcase classname="backend.tests.test_iteration_39_player_disambiguation.TestTeamLeagueMapExpansion" name="test_team_league_map_has_paris_sg" time="0.000" /><testcase classname="backend.tests.test_iteration_39_player_disambiguation.TestTeamLeagueMapExpansion" name="test_team_league_map_has_psg" time="0.000" /><testcase classname="backend.tests.test_iteration_39_player_disambiguation.TestTeamLeagueMapExpansion" name="test_team_league_map_has_genoa" time="0.000" /><testcase classname="backend.tests.test_iteration_39_player_disambiguation.TestTeamLeagueMapExpansion" name="test_team_league_map_has_fluminense" time="0.000" /><testcase classname="backend.tests.test_iteration_39_player_disambiguation.TestTeamLeagueMapExpansion" name="test_team_league_map_has_80_plus_teams" time="0.000" /><testcase classname="backend.tests.test_iteration_39_player_disambiguation.TestTeamLeagueMapExpansion" name="test_ligue1_teams_present" time="0.000" /><testcase classname="backend.tests.test_iteration_39_player_disambiguation.TestTeamLeagueMapExpansion" name="test_bundesliga_teams_present" time="0.000" /><testcase classname="backend.tests.test_iteration_39_player_disambiguation.TestTeamLeagueMapExpansion" name="test_serie_a_teams_present" time="0.000" /><testcase classname="backend.tests.test_iteration_39_player_disambiguation.TestPickBestOpponentHint" name="test_pick_best_has_opponent_hint_param" time="0.000" /><testcase classname="backend.tests.test_iteration_39_player_disambiguation.TestPickBestOpponentHint" name="test_pick_best_uses_opponent_hint_for_league_match" time="0.000" /><testcase classname="backend.tests.test_iteration_39_player_disambiguation.TestPickBestOpponentHint" name="test_pick_best_prioritizes_league_match" time="0.000" /><testcase classname="backend.tests.test_iteration_39_player_disambiguation.TestResolvePlayerViaApiOpponentHint" name="test_resolve_player_via_api_has_opponent_hint_param" time="0.000" /><testcase classname="backend.tests.test_iteration_39_player_disambiguation.TestResolvePlayerViaApiOpponentHint" name="test_resolve_player_via_api_passes_opponent_hint_to_pick_best" time="0.000" /><testcase classname="backend.tests.test_iteration_39_player_disambiguation.TestResolvePlayerViaApiOpponentHint" name="test_scan_prop_passes_opponent_hint" time="0.000" /><testcase classname="backend.tests.test_iteration_39_player_disambiguation.TestInferLeagueIdOrder" name="test_infer_league_id_checks_cache_first" time="0.000" /><testcase classname="backend.tests.test_iteration_39_player_disambiguation.TestInferLeagueIdOrder" name="test_infer_league_id_checks_hardcoded_map_before_ai" time="0.000" /><testcase classname="backend.tests.test_iteration_39_player_disambiguation.TestInferLeagueIdOrder" name="test_infer_league_id_ai_fallback_only_if_not_default" time="0.000" /><testcase classname="backend.tests.test_iteration_39_player_disambiguation.TestCodeVerification" name="test_predict_py_guard_lines" time="0.000" /><testcase classname="backend.tests.test_iteration_39_player_disambiguation.TestCodeVerification" name="test_scan_py_pick_best_league_match_logic" time="0.000" /><testcase classname="backend.tests.test_iteration_39_player_disambiguation.TestHealthCheck" name="test_api_health" time="1.161" /></testsuite></testsuites>