<?xml version="1.0" encoding="utf-8"?><testsuites name="pytest tests"><testsuite name="pytest" errors="0" failures="0" skipped="2" tests="25" time="0.450" timestamp="2026-04-05T19:44:36.206054+00:00" hostname="agent-env-fd1b7294-f4b9-4e7b-8c06-b844463a97cd"><testcase classname="tests.test_iteration_57_elite_calibration.TestMarketBlending" name="test_blend_basic_calculation" time="0.078" /><testcase classname="tests.test_iteration_57_elite_calibration.TestMarketBlending" name="test_blend_higher_line" time="0.000" /><testcase classname="tests.test_iteration_57_elite_calibration.TestMarketBlending" name="test_blend_zero_line_returns_projection" time="0.000" /><testcase classname="tests.test_iteration_57_elite_calibration.TestMarketBlending" name="test_blend_same_value_no_change" time="0.000" /><testcase classname="tests.test_iteration_57_elite_calibration.TestEdgeThreshold" name="test_strong_edge_above_5_percent" time="0.000" /><testcase classname="tests.test_iteration_57_elite_calibration.TestEdgeThreshold" name="test_lean_edge_2_to_5_percent" time="0.000" /><testcase classname="tests.test_iteration_57_elite_calibration.TestEdgeThreshold" name="test_low_edge_below_2_percent" time="0.000" /><testcase classname="tests.test_iteration_57_elite_calibration.TestEdgeThreshold" name="test_zero_line_returns_strong" time="0.000" /><testcase classname="tests.test_iteration_57_elite_calibration.TestHistoricalErrorCorrection" name="test_correction_with_sufficient_samples" time="0.000" /><testcase classname="tests.test_iteration_57_elite_calibration.TestHistoricalErrorCorrection" name="test_no_correction_insufficient_samples" time="0.000" /><testcase classname="tests.test_iteration_57_elite_calibration.TestHistoricalErrorCorrection" name="test_no_correction_well_calibrated" time="0.000" /><testcase classname="tests.test_iteration_57_elite_calibration.TestHistoricalErrorCorrection" name="test_fallback_to_broader_bucket" time="0.000" /><testcase classname="tests.test_iteration_57_elite_calibration.TestRecommendationFlip" name="test_flip_when_hit_rate_below_45_and_opposite_better" time="0.000" /><testcase classname="tests.test_iteration_57_elite_calibration.TestRecommendationFlip" name="test_no_flip_when_hit_rate_above_45" time="0.000" /><testcase classname="tests.test_iteration_57_elite_calibration.TestRecommendationFlip" name="test_no_flip_insufficient_samples" time="0.000" /><testcase classname="tests.test_iteration_57_elite_calibration.TestRecommendationFlip" name="test_no_flip_when_opposite_not_better" time="0.000" /><testcase classname="tests.test_iteration_57_elite_calibration.TestConfidenceRecalibration" name="test_recalibrate_overconfident" time="0.000" /><testcase classname="tests.test_iteration_57_elite_calibration.TestConfidenceRecalibration" name="test_no_recalibration_when_accurate" time="0.000" /><testcase classname="tests.test_iteration_57_elite_calibration.TestConfidenceRecalibration" name="test_confidence_bump_when_underconfident" time="0.000" /><testcase classname="tests.test_iteration_57_elite_calibration.TestConfidenceRecalibration" name="test_no_recalibration_insufficient_samples" time="0.000" /><testcase classname="tests.test_iteration_57_elite_calibration.TestPredictionEndpointIntegration" name="test_soccer_predict_no_crash" time="0.159"><skipped type="pytest.skip" message="Could not get session token">/app/backend/tests/test_iteration_57_elite_calibration.py:417: Could not get session token</skipped></testcase><testcase classname="tests.test_iteration_57_elite_calibration.TestPredictionEndpointIntegration" name="test_basketball_predict_no_crash" time="0.107"><skipped type="pytest.skip" message="Could not get session token">/app/backend/tests/test_iteration_57_elite_calibration.py:460: Could not get session token</skipped></testcase><testcase classname="tests.test_iteration_57_elite_calibration.TestCalibrationStatsEndpoint" name="test_get_calibration_stats_via_api" time="0.000" /><testcase classname="tests.test_iteration_57_elite_calibration.TestApplyEliteCalibrationIntegration" name="test_apply_elite_calibration_function_exists" time="0.000" /><testcase classname="tests.test_iteration_57_elite_calibration.TestCalibrationConstants" name="test_constants_values" time="0.000" /></testsuite></testsuites>