<?xml version="1.0" encoding="utf-8"?><testsuites name="pytest tests"><testsuite name="pytest" errors="0" failures="0" skipped="0" tests="13" time="5.868" timestamp="2026-03-26T16:39:00.023467+00:00" hostname="agent-env-5e1e7943-4a41-4a29-a8e4-9314cbbb7644"><testcase classname="backend.tests.test_league_fixes.TestInternationalLeagues" name="test_wcq_uefa_returns_european_teams" time="0.745" /><testcase classname="backend.tests.test_league_fixes.TestInternationalLeagues" name="test_wcq_conmebol_returns_south_american_teams" time="0.391" /><testcase classname="backend.tests.test_league_fixes.TestInternationalLeagues" name="test_wcq_afc_returns_asian_teams" time="0.336" /><testcase classname="backend.tests.test_league_fixes.TestInternationalLeagues" name="test_wcq_caf_returns_african_teams" time="1.125" /><testcase classname="backend.tests.test_league_fixes.TestInternationalLeagues" name="test_euro_qualifiers_returns_european_teams" time="0.981" /><testcase classname="backend.tests.test_league_fixes.TestPlayerSearch" name="test_donnarumma_search_returns_full_name" time="0.452" /><testcase classname="backend.tests.test_league_fixes.TestPlayerSearch" name="test_messi_search_returns_inter_miami" time="0.467" /><testcase classname="backend.tests.test_league_fixes.TestPlayerSearch" name="test_salah_search_with_epl_league" time="0.290" /><testcase classname="backend.tests.test_league_fixes.TestPlayerSearch" name="test_player_search_returns_photo_url" time="0.467" /><testcase classname="backend.tests.test_league_fixes.TestOwnerAuth" name="test_owner_auto_login_bypasses_password" time="0.159" /><testcase classname="backend.tests.test_league_fixes.TestPOTD" name="test_potd_endpoint_returns_data" time="0.134" /><testcase classname="backend.tests.test_league_fixes.TestHealthAndLeagues" name="test_health_endpoint" time="0.111" /><testcase classname="backend.tests.test_league_fixes.TestHealthAndLeagues" name="test_leagues_endpoint" time="0.119" /></testsuite></testsuites>