<?xml version="1.0" encoding="utf-8"?><testsuites name="pytest tests"><testsuite name="pytest" errors="0" failures="0" skipped="0" tests="20" time="0.719" timestamp="2026-03-31T18:05:14.935646+00:00" hostname="agent-env-5e1e7943-4a41-4a29-a8e4-9314cbbb7644"><testcase classname="tests.test_live_tracking_iteration34.TestHealthEndpoint" name="test_health_returns_200" time="0.260" /><testcase classname="tests.test_live_tracking_iteration34.TestSoccerFixtureMatchingLogic" name="test_live_game_matches_without_opponent_check" time="0.314" /><testcase classname="tests.test_live_tracking_iteration34.TestSoccerFixtureMatchingLogic" name="test_live_game_matches_with_empty_opponent" time="0.000" /><testcase classname="tests.test_live_tracking_iteration34.TestSoccerFixtureMatchingLogic" name="test_live_game_matches_with_wrong_opponent" time="0.000" /><testcase classname="tests.test_live_tracking_iteration34.TestSoccerFixtureMatchingLogic" name="test_all_live_statuses_match_immediately" time="0.000" /><testcase classname="tests.test_live_tracking_iteration34.TestSoccerFixtureMatchingLogic" name="test_finished_game_requires_opponent_match" time="0.000" /><testcase classname="tests.test_live_tracking_iteration34.TestSoccerFixtureMatchingLogic" name="test_finished_game_with_unknown_opponent_still_matches" time="0.000" /><testcase classname="tests.test_live_tracking_iteration34.TestSoccerFixtureMatchingLogic" name="test_finished_game_time_proximity_check" time="0.000" /><testcase classname="tests.test_live_tracking_iteration34.TestBasketballFixtureMatchingLogic" name="test_live_game_matches_without_opponent_check" time="0.000" /><testcase classname="tests.test_live_tracking_iteration34.TestBasketballFixtureMatchingLogic" name="test_live_game_matches_with_empty_opponent" time="0.000" /><testcase classname="tests.test_live_tracking_iteration34.TestBasketballFixtureMatchingLogic" name="test_all_basketball_live_statuses_match_immediately" time="0.000" /><testcase classname="tests.test_live_tracking_iteration34.TestBasketballFixtureMatchingLogic" name="test_finished_game_requires_opponent_match" time="0.000" /><testcase classname="tests.test_live_tracking_iteration34.TestBasketballFixtureMatchingLogic" name="test_finished_game_with_unknown_opponent_still_matches" time="0.000" /><testcase classname="tests.test_live_tracking_iteration34.TestSoccerFixtureFetchingLogic" name="test_process_soccer_live_code_structure" time="0.003" /><testcase classname="tests.test_live_tracking_iteration34.TestPredictionForceSetLogic" name="test_soccer_prediction_force_sets_fields" time="0.004" /><testcase classname="tests.test_live_tracking_iteration34.TestPredictionForceSetLogic" name="test_basketball_prediction_force_sets_fields" time="0.001" /><testcase classname="tests.test_live_tracking_iteration34.TestLiveStatusDefinitions" name="test_soccer_live_statuses_defined" time="0.001" /><testcase classname="tests.test_live_tracking_iteration34.TestLiveStatusDefinitions" name="test_soccer_finished_statuses_defined" time="0.001" /><testcase classname="tests.test_live_tracking_iteration34.TestLiveStatusDefinitions" name="test_basketball_live_statuses_defined" time="0.001" /><testcase classname="tests.test_live_tracking_iteration34.TestLiveStatusDefinitions" name="test_basketball_finished_statuses_defined" time="0.001" /></testsuite></testsuites>