<?xml version="1.0" encoding="utf-8"?><testsuites name="pytest tests"><testsuite name="pytest" errors="0" failures="0" skipped="0" tests="11" time="1.662" timestamp="2026-03-28T04:13:29.920839+00:00" hostname="agent-env-5e1e7943-4a41-4a29-a8e4-9314cbbb7644"><testcase classname="backend.tests.test_picks_crud.TestPicksCRUD" name="test_health_check" time="0.212" /><testcase classname="backend.tests.test_picks_crud.TestPicksCRUD" name="test_save_pick_success" time="0.148" /><testcase classname="backend.tests.test_picks_crud.TestPicksCRUD" name="test_save_pick_invalid_session" time="0.128" /><testcase classname="backend.tests.test_picks_crud.TestPicksCRUD" name="test_list_picks_success" time="0.041" /><testcase classname="backend.tests.test_picks_crud.TestPicksCRUD" name="test_list_picks_invalid_session" time="0.107" /><testcase classname="backend.tests.test_picks_crud.TestPicksCRUD" name="test_live_update_picks_success" time="0.263" /><testcase classname="backend.tests.test_picks_crud.TestPicksCRUD" name="test_live_update_invalid_session" time="0.115" /><testcase classname="backend.tests.test_picks_crud.TestPicksCRUD" name="test_delete_pick_success" time="0.176" /><testcase classname="backend.tests.test_picks_crud.TestPicksCRUD" name="test_delete_pick_invalid_session" time="0.101" /><testcase classname="backend.tests.test_picks_crud.TestPicksCRUD" name="test_pick_data_persistence" time="0.130" /><testcase classname="backend.tests.test_picks_crud.TestPicksCRUD" name="test_cleanup_test_picks" time="0.127" /></testsuite></testsuites>