<?xml version="1.0" encoding="utf-8"?><testsuites name="pytest tests"><testsuite name="pytest" errors="0" failures="0" skipped="0" tests="10" time="2.568" timestamp="2026-03-26T15:54:09.596298+00:00" hostname="agent-env-5e1e7943-4a41-4a29-a8e4-9314cbbb7644"><testcase classname="backend.tests.test_potd_pwa.TestPickOfTheDay" name="test_potd_endpoint_returns_valid_response" time="0.235" /><testcase classname="backend.tests.test_potd_pwa.TestPickOfTheDay" name="test_potd_caching_returns_same_result" time="1.253" /><testcase classname="backend.tests.test_potd_pwa.TestPickOfTheDay" name="test_potd_pick_has_valid_prop_type" time="0.109" /><testcase classname="backend.tests.test_potd_pwa.TestPWAManifest" name="test_manifest_accessible" time="0.170" /><testcase classname="backend.tests.test_potd_pwa.TestPWAManifest" name="test_manifest_valid_json" time="0.134" /><testcase classname="backend.tests.test_potd_pwa.TestPWAServiceWorker" name="test_service_worker_accessible" time="0.149" /><testcase classname="backend.tests.test_potd_pwa.TestPWAServiceWorker" name="test_service_worker_has_cache_logic" time="0.101" /><testcase classname="backend.tests.test_potd_pwa.TestPWAMetaTags" name="test_index_html_has_pwa_meta_tags" time="0.123" /><testcase classname="backend.tests.test_potd_pwa.TestAuthStillWorks" name="test_owner_auto_login" time="0.115" /><testcase classname="backend.tests.test_potd_pwa.TestAuthStillWorks" name="test_health_endpoint" time="0.111" /></testsuite></testsuites>