<?xml version="1.0" encoding="utf-8"?><testsuites name="pytest tests"><testsuite name="pytest" errors="0" failures="0" skipped="0" tests="9" time="49.973" timestamp="2026-03-31T04:25:07.015049+00:00" hostname="agent-env-5e1e7943-4a41-4a29-a8e4-9314cbbb7644"><testcase classname="tests.test_proptype_normalization.TestPropTypeNormalization" name="test_save_pick_normalizes_pts_reb_ast" time="0.611" /><testcase classname="tests.test_proptype_normalization.TestPropTypeNormalization" name="test_save_pick_normalizes_points" time="0.539" /><testcase classname="tests.test_proptype_normalization.TestPropTypeNormalization" name="test_save_pick_normalizes_3_pointers" time="0.503" /><testcase classname="tests.test_proptype_normalization.TestLiveUpdatePtsRebAst" name="test_live_update_returns_nonzero_for_pts_reb_ast" time="1.965" /><testcase classname="tests.test_proptype_normalization.TestLiveUpdatePtsRebAst" name="test_live_update_basketball_quarter_info" time="1.721" /><testcase classname="tests.test_proptype_normalization.TestLiveUpdatePtsRebAst" name="test_live_update_pace_calculation" time="1.666" /><testcase classname="tests.test_proptype_normalization.TestPicksListFields" name="test_picks_list_has_tracking_id_and_sport" time="0.217" /><testcase classname="tests.test_proptype_normalization.TestBasketballPredictDataQuality" name="test_prediction_returns_player_game_logs" time="21.973" /><testcase classname="tests.test_proptype_normalization.TestBasketballPredictDataQuality" name="test_prediction_returns_recent_samples" time="20.588" /></testsuite></testsuites>