<?xml version="1.0" encoding="utf-8"?><testsuites name="pytest tests"><testsuite name="pytest" errors="0" failures="0" skipped="0" tests="16" time="7.874" timestamp="2026-03-30T11:14:29.010579+00:00" hostname="agent-env-5e1e7943-4a41-4a29-a8e4-9314cbbb7644"><testcase classname="backend.tests.test_refactor_verification.TestHealthAndStatus" name="test_health_endpoint" time="0.197" /><testcase classname="backend.tests.test_refactor_verification.TestHealthAndStatus" name="test_football_status" time="0.374" /><testcase classname="backend.tests.test_refactor_verification.TestLeagues" name="test_get_leagues_returns_all_supported" time="0.098" /><testcase classname="backend.tests.test_refactor_verification.TestAuth" name="test_verify_whop_owner_email" time="0.117" /><testcase classname="backend.tests.test_refactor_verification.TestPlayerSearch" name="test_search_player_legacy_endpoint" time="0.983" /><testcase classname="backend.tests.test_refactor_verification.TestPlayerSearch" name="test_search_players_post_endpoint" time="0.846" /><testcase classname="backend.tests.test_refactor_verification.TestChat" name="test_chat_start_returns_session_id" time="0.101" /><testcase classname="backend.tests.test_refactor_verification.TestEndpointExistence" name="test_scan_prop_endpoint_exists" time="0.102" /><testcase classname="backend.tests.test_refactor_verification.TestEndpointExistence" name="test_predict_endpoint_exists" time="0.108" /><testcase classname="backend.tests.test_refactor_verification.TestEndpointExistence" name="test_picks_save_endpoint_exists" time="0.099" /><testcase classname="backend.tests.test_refactor_verification.TestEndpointExistence" name="test_picks_list_endpoint_exists" time="0.104" /><testcase classname="backend.tests.test_refactor_verification.TestEndpointExistence" name="test_settle_picks_endpoint_exists" time="0.106" /><testcase classname="backend.tests.test_refactor_verification.TestPickOfTheDay" name="test_pick_of_the_day_endpoint" time="0.107" /><testcase classname="backend.tests.test_refactor_verification.TestRouteModularity" name="test_auth_routes_prefix" time="2.019" /><testcase classname="backend.tests.test_refactor_verification.TestRouteModularity" name="test_players_routes_prefix" time="2.304" /><testcase classname="backend.tests.test_refactor_verification.TestRouteModularity" name="test_picks_routes_prefix" time="0.098" /></testsuite></testsuites>