<?xml version="1.0" encoding="utf-8"?><testsuites name="pytest tests"><testsuite name="pytest" errors="0" failures="0" skipped="0" tests="6" time="168.143" timestamp="2026-03-28T01:43:23.145061+00:00" hostname="agent-env-5e1e7943-4a41-4a29-a8e4-9314cbbb7644"><testcase classname="backend.tests.test_saves_mapping.TestSavesPropMapping" name="test_health_check" time="0.177" /><testcase classname="backend.tests.test_saves_mapping.TestSavesPropMapping" name="test_predict_saves_prop_returns_reasonable_values" time="39.789" /><testcase classname="backend.tests.test_saves_mapping.TestSavesPropMapping" name="test_predict_pass_attempts_regression" time="46.234" /><testcase classname="backend.tests.test_saves_mapping.TestSavesPropMapping" name="test_predict_shots_regression" time="35.798" /><testcase classname="backend.tests.test_saves_mapping.TestSavesPropMapping" name="test_predict_tackles_regression" time="46.080" /><testcase classname="backend.tests.test_saves_mapping.TestStatFieldMapVerification" name="test_verify_stat_field_map_in_code" time="0.001" /></testsuite></testsuites>