<?xml version="1.0" encoding="utf-8"?><testsuites name="pytest tests"><testsuite name="pytest" errors="0" failures="0" skipped="0" tests="10" time="29.073" timestamp="2026-03-29T14:59:21.982672+00:00" hostname="agent-env-5e1e7943-4a41-4a29-a8e4-9314cbbb7644"><testcase classname="backend.tests.test_scan_prop.TestScanPropEndpoint" name="test_health_check" time="0.199" /><testcase classname="backend.tests.test_scan_prop.TestScanPropEndpoint" name="test_scan_prop_with_valid_image" time="4.209" /><testcase classname="backend.tests.test_scan_prop.TestScanPropEndpoint" name="test_scan_prop_extracts_correct_players" time="4.496" /><testcase classname="backend.tests.test_scan_prop.TestScanPropEndpoint" name="test_scan_prop_resolves_players_via_api_sports" time="5.531" /><testcase classname="backend.tests.test_scan_prop.TestScanPropEndpoint" name="test_scan_prop_normalizes_prop_types" time="4.435" /><testcase classname="backend.tests.test_scan_prop.TestScanPropEndpoint" name="test_scan_prop_empty_image" time="4.509" /><testcase classname="backend.tests.test_scan_prop.TestScanPropEndpoint" name="test_scan_prop_invalid_base64" time="4.894" /><testcase classname="backend.tests.test_scan_prop.TestExistingTabsUnaffected" name="test_leagues_endpoint" time="0.145" /><testcase classname="backend.tests.test_scan_prop.TestExistingTabsUnaffected" name="test_player_search_endpoint" time="0.350" /><testcase classname="backend.tests.test_scan_prop.TestExistingTabsUnaffected" name="test_auth_verify_whop_endpoint" time="0.117" /></testsuite></testsuites>