<?xml version="1.0" encoding="utf-8"?><testsuites name="pytest tests"><testsuite name="pytest" errors="0" failures="0" skipped="0" tests="10" time="126.141" timestamp="2026-03-30T16:11:49.673560+00:00" hostname="agent-env-5e1e7943-4a41-4a29-a8e4-9314cbbb7644"><testcase classname="backend.tests.test_scan_tactical_integration.TestHealthAndCache" name="test_health_endpoint" time="0.226" /><testcase classname="backend.tests.test_scan_tactical_integration.TestHealthAndCache" name="test_cache_status" time="0.175" /><testcase classname="backend.tests.test_scan_tactical_integration.TestHealthAndCache" name="test_cache_lookup_hojbjerg" time="0.145" /><testcase classname="backend.tests.test_scan_tactical_integration.TestTacticalEndpoints" name="test_tactical_start_returns_session_and_message" time="0.109" /><testcase classname="backend.tests.test_scan_tactical_integration.TestTacticalEndpoints" name="test_tactical_start_no_grok_gemini_branding" time="0.134" /><testcase classname="backend.tests.test_scan_tactical_integration.TestTacticalEndpoints" name="test_tactical_message_returns_proper_structure" time="18.016" /><testcase classname="backend.tests.test_scan_tactical_integration.TestTacticalEndpoints" name="test_tactical_message_no_grok_gemini_in_response" time="32.885" /><testcase classname="backend.tests.test_scan_tactical_integration.TestTacticalEndpoints" name="test_tactical_message_empty_returns_400" time="0.510" /><testcase classname="backend.tests.test_scan_tactical_integration.TestInternationalContextDetection" name="test_tactical_detects_international_context_denmark" time="33.696" /><testcase classname="backend.tests.test_scan_tactical_integration.TestInternationalContextDetection" name="test_tactical_international_stats_prioritized" time="40.162" /></testsuite></testsuites>