<?xml version="1.0" encoding="utf-8"?><testsuites name="pytest tests"><testsuite name="pytest" errors="0" failures="0" skipped="0" tests="11" time="0.979" timestamp="2026-03-31T23:34:14.117615+00:00" hostname="agent-env-5e1e7943-4a41-4a29-a8e4-9314cbbb7644"><testcase classname="backend.tests.test_square_integration.TestHealthCheck" name="test_health_returns_200" time="0.193" /><testcase classname="backend.tests.test_square_integration.TestAIEngineClaudeRemoval" name="test_predict_py_has_only_3_models" time="0.001" /><testcase classname="backend.tests.test_square_integration.TestAIEngineClaudeRemoval" name="test_basketball_predict_py_has_only_3_models" time="0.000" /><testcase classname="backend.tests.test_square_integration.TestAIEngineClaudeRemoval" name="test_predict_py_min_results_is_2" time="0.000" /><testcase classname="backend.tests.test_square_integration.TestAIEngineClaudeRemoval" name="test_basketball_predict_py_min_results_is_2" time="0.000" /><testcase classname="backend.tests.test_square_integration.TestSquarePlansAPI" name="test_get_plans_returns_3_plans" time="0.097" /><testcase classname="backend.tests.test_square_integration.TestSquareSubscribeAPI" name="test_subscribe_endpoint_exists" time="0.114" /><testcase classname="backend.tests.test_square_integration.TestSquareSubscribeAPI" name="test_subscribe_validates_plan_key" time="0.194" /><testcase classname="backend.tests.test_square_integration.TestSquareStatusAPI" name="test_status_returns_inactive_for_unknown_email" time="0.099" /><testcase classname="backend.tests.test_square_integration.TestSquareCancelAPI" name="test_cancel_returns_404_for_no_subscription" time="0.144" /><testcase classname="backend.tests.test_square_integration.TestAuthCheckAccess" name="test_auth_py_checks_square_before_whop" time="0.000" /></testsuite></testsuites>