<?xml version="1.0" encoding="utf-8"?><testsuites name="pytest tests"><testsuite name="pytest" errors="0" failures="0" skipped="0" tests="9" time="118.819" timestamp="2026-03-30T15:07:34.524274+00:00" hostname="agent-env-5e1e7943-4a41-4a29-a8e4-9314cbbb7644"><testcase classname="backend.tests.test_tactical_feature.TestHealthAndCache" name="test_health_endpoint" time="0.307" /><testcase classname="backend.tests.test_tactical_feature.TestHealthAndCache" name="test_cache_status" time="0.130" /><testcase classname="backend.tests.test_tactical_feature.TestTacticalStart" name="test_tactical_start_returns_session_id" time="0.169" /><testcase classname="backend.tests.test_tactical_feature.TestTacticalStart" name="test_tactical_start_with_custom_session_id" time="0.145" /><testcase classname="backend.tests.test_tactical_feature.TestTacticalMessage" name="test_tactical_message_returns_response_with_sources" time="18.459" /><testcase classname="backend.tests.test_tactical_feature.TestTacticalMessage" name="test_tactical_message_empty_message_returns_400" time="0.203" /><testcase classname="backend.tests.test_tactical_feature.TestTacticalMessage" name="test_tactical_message_whitespace_only_returns_400" time="0.120" /><testcase classname="backend.tests.test_tactical_feature.TestTacticalConversationContext" name="test_tactical_maintains_conversation_context" time="67.384" /><testcase classname="backend.tests.test_tactical_feature.TestTacticalNewSession" name="test_tactical_message_creates_session_if_missing" time="31.808" /></testsuite></testsuites>