<?xml version="1.0" encoding="utf-8"?><testsuites name="pytest tests"><testsuite name="pytest" errors="0" failures="0" skipped="0" tests="10" time="34.681" timestamp="2026-03-30T15:35:02.583389+00:00" hostname="agent-env-5e1e7943-4a41-4a29-a8e4-9314cbbb7644"><testcase classname="backend.tests.test_tactical_branding_update.TestHealthEndpoint" name="test_health_returns_ok" time="0.186" /><testcase classname="backend.tests.test_tactical_branding_update.TestTacticalBrandingRemoval" name="test_tactical_start_no_grok_mention" time="0.171" /><testcase classname="backend.tests.test_tactical_branding_update.TestTacticalBrandingRemoval" name="test_tactical_start_no_gemini_mention" time="0.119" /><testcase classname="backend.tests.test_tactical_branding_update.TestTacticalBrandingRemoval" name="test_tactical_start_no_dual_engine_mention" time="0.190" /><testcase classname="backend.tests.test_tactical_branding_update.TestTacticalBrandingRemoval" name="test_tactical_message_text_only_no_model_names" time="15.511" /><testcase classname="backend.tests.test_tactical_branding_update.TestTacticalBrandingRemoval" name="test_tactical_message_empty_returns_400" time="0.197" /><testcase classname="backend.tests.test_tactical_branding_update.TestTacticalBrandingRemoval" name="test_tactical_message_whitespace_only_returns_400" time="0.119" /><testcase classname="backend.tests.test_tactical_branding_update.TestTacticalBrandingRemoval" name="test_tactical_message_accepts_image_base64_field" time="10.449" /><testcase classname="backend.tests.test_tactical_branding_update.TestTacticalMessageRequestSchema" name="test_message_request_with_text_only" time="7.490" /><testcase classname="backend.tests.test_tactical_branding_update.TestTacticalMessageRequestSchema" name="test_message_request_with_empty_message_and_no_image" time="0.167" /></testsuite></testsuites>