<?xml version="1.0" encoding="utf-8"?><testsuites name="pytest tests"><testsuite name="pytest" errors="0" failures="0" skipped="0" tests="11" time="5.869" timestamp="2026-03-31T03:02:40.187750+00:00" hostname="agent-env-5e1e7943-4a41-4a29-a8e4-9314cbbb7644"><testcase classname="backend.tests.test_tracking_features.TestPicksTrackingFeatures" name="test_save_pick_returns_tracking_id" time="0.424" /><testcase classname="backend.tests.test_tracking_features.TestPicksTrackingFeatures" name="test_list_picks_returns_tracking_id_and_sport" time="0.237" /><testcase classname="backend.tests.test_tracking_features.TestPicksTrackingFeatures" name="test_list_picks_backfills_tracking_id" time="0.221" /><testcase classname="backend.tests.test_tracking_features.TestPicksTrackingFeatures" name="test_live_update_basketball_picks" time="1.200" /><testcase classname="backend.tests.test_tracking_features.TestPicksTrackingFeatures" name="test_basketball_pick_has_correct_sport" time="0.460" /><testcase classname="backend.tests.test_tracking_features.TestPicksTrackingFeatures" name="test_soccer_pick_has_correct_sport" time="0.473" /><testcase classname="backend.tests.test_tracking_features.TestExistingPicksVerification" name="test_verify_sga_pick_tracking" time="0.229" /><testcase classname="backend.tests.test_tracking_features.TestExistingPicksVerification" name="test_verify_jalen_green_pick" time="0.216" /><testcase classname="backend.tests.test_tracking_features.TestExistingPicksVerification" name="test_verify_hojbjerg_pick" time="0.212" /><testcase classname="backend.tests.test_tracking_features.TestLiveUpdateSportSeparation" name="test_live_update_returns_updates" time="1.013" /><testcase classname="backend.tests.test_tracking_features.TestLiveUpdateSportSeparation" name="test_live_update_basketball_has_quarter" time="1.107" /></testsuite></testsuites>