<?xml version="1.0" encoding="utf-8"?><testsuites name="pytest tests"><testsuite name="pytest" errors="0" failures="0" skipped="0" tests="7" time="202.719" timestamp="2026-03-30T16:47:21.685927+00:00" hostname="agent-env-5e1e7943-4a41-4a29-a8e4-9314cbbb7644"><testcase classname="backend.tests.test_unified_tactical_breakdown.TestHealthAndCache" name="test_health_endpoint" time="0.234" /><testcase classname="backend.tests.test_unified_tactical_breakdown.TestHealthAndCache" name="test_cache_status" time="0.135" /><testcase classname="backend.tests.test_unified_tactical_breakdown.TestTacticalFollowUpEndpoints" name="test_tactical_start" time="0.176" /><testcase classname="backend.tests.test_unified_tactical_breakdown.TestTacticalFollowUpEndpoints" name="test_tactical_message" time="45.886" /><testcase classname="backend.tests.test_unified_tactical_breakdown.TestPredictWithTacticalBreakdown" name="test_predict_returns_tactical_breakdown" time="55.110" /><testcase classname="backend.tests.test_unified_tactical_breakdown.TestPredictWithTacticalBreakdown" name="test_predict_international_includes_intl_stats" time="57.897" /><testcase classname="backend.tests.test_unified_tactical_breakdown.TestPredictResponseStructure" name="test_predict_has_all_required_fields" time="43.212" /></testsuite></testsuites>